[Thu Nov 22 2018 17:54:23 GMT+0100 (WAT)] : { Error: Missing credentials for "PLAIN"
    at SMTPConnection._formatError (/Users/fredrickadegoke/Documents/noldor-ah-backend/node_modules/nodemailer/lib/smtp-connection/index.js:605:19)
    at SMTPConnection.login (/Users/fredrickadegoke/Documents/noldor-ah-backend/node_modules/nodemailer/lib/smtp-connection/index.js:362:38)
    at connection.connect (/Users/fredrickadegoke/Documents/noldor-ah-backend/node_modules/nodemailer/lib/smtp-transport/index.js:270:32)
    at SMTPConnection.once (/Users/fredrickadegoke/Documents/noldor-ah-backend/node_modules/nodemailer/lib/smtp-connection/index.js:188:17)
    at Object.onceWrapper (events.js:313:30)
    at emitNone (events.js:106:13)
    at SMTPConnection.emit (events.js:208:7)
    at SMTPConnection._actionEHLO (/Users/fredrickadegoke/Documents/noldor-ah-backend/node_modules/nodemailer/lib/smtp-connection/index.js:1133:14)
    at SMTPConnection._processResponse (/Users/fredrickadegoke/Documents/noldor-ah-backend/node_modules/nodemailer/lib/smtp-connection/index.js:764:20)
    at SMTPConnection._onData (/Users/fredrickadegoke/Documents/noldor-ah-backend/node_modules/nodemailer/lib/smtp-connection/index.js:570:14)
    at TLSSocket._socket.on.chunk (/Users/fredrickadegoke/Documents/noldor-ah-backend/node_modules/nodemailer/lib/smtp-connection/index.js:522:47)
    at emitOne (events.js:116:13)
    at TLSSocket.emit (events.js:211:7)
    at addChunk (_stream_readable.js:263:12)
    at readableAddChunk (_stream_readable.js:250:11)
    at TLSSocket.Readable.push (_stream_readable.js:208:10)
    at TLSWrap.onread (net.js:601:20) code: 'EAUTH', command: 'API' }
[Thu Nov 22 2018 17:54:23 GMT+0100 (WAT)] : { Error: Missing credentials for "PLAIN"
    at SMTPConnection._formatError (/Users/fredrickadegoke/Documents/noldor-ah-backend/node_modules/nodemailer/lib/smtp-connection/index.js:605:19)
    at SMTPConnection.login (/Users/fredrickadegoke/Documents/noldor-ah-backend/node_modules/nodemailer/lib/smtp-connection/index.js:362:38)
    at connection.connect (/Users/fredrickadegoke/Documents/noldor-ah-backend/node_modules/nodemailer/lib/smtp-transport/index.js:270:32)
    at SMTPConnection.once (/Users/fredrickadegoke/Documents/noldor-ah-backend/node_modules/nodemailer/lib/smtp-connection/index.js:188:17)
    at Object.onceWrapper (events.js:313:30)
    at emitNone (events.js:106:13)
    at SMTPConnection.emit (events.js:208:7)
    at SMTPConnection._actionEHLO (/Users/fredrickadegoke/Documents/noldor-ah-backend/node_modules/nodemailer/lib/smtp-connection/index.js:1133:14)
    at SMTPConnection._processResponse (/Users/fredrickadegoke/Documents/noldor-ah-backend/node_modules/nodemailer/lib/smtp-connection/index.js:764:20)
    at SMTPConnection._onData (/Users/fredrickadegoke/Documents/noldor-ah-backend/node_modules/nodemailer/lib/smtp-connection/index.js:570:14)
    at TLSSocket._socket.on.chunk (/Users/fredrickadegoke/Documents/noldor-ah-backend/node_modules/nodemailer/lib/smtp-connection/index.js:522:47)
    at emitOne (events.js:116:13)
    at TLSSocket.emit (events.js:211:7)
    at addChunk (_stream_readable.js:263:12)
    at readableAddChunk (_stream_readable.js:250:11)
    at TLSSocket.Readable.push (_stream_readable.js:208:10)
    at TLSWrap.onread (net.js:601:20) code: 'EAUTH', command: 'API' }
[Thu Nov 22 2018 17:54:23 GMT+0100 (WAT)] : { Error: Missing credentials for "PLAIN"
    at SMTPConnection._formatError (/Users/fredrickadegoke/Documents/noldor-ah-backend/node_modules/nodemailer/lib/smtp-connection/index.js:605:19)
    at SMTPConnection.login (/Users/fredrickadegoke/Documents/noldor-ah-backend/node_modules/nodemailer/lib/smtp-connection/index.js:362:38)
    at connection.connect (/Users/fredrickadegoke/Documents/noldor-ah-backend/node_modules/nodemailer/lib/smtp-transport/index.js:270:32)
    at SMTPConnection.once (/Users/fredrickadegoke/Documents/noldor-ah-backend/node_modules/nodemailer/lib/smtp-connection/index.js:188:17)
    at Object.onceWrapper (events.js:313:30)
    at emitNone (events.js:106:13)
    at SMTPConnection.emit (events.js:208:7)
    at SMTPConnection._actionEHLO (/Users/fredrickadegoke/Documents/noldor-ah-backend/node_modules/nodemailer/lib/smtp-connection/index.js:1133:14)
    at SMTPConnection._processResponse (/Users/fredrickadegoke/Documents/noldor-ah-backend/node_modules/nodemailer/lib/smtp-connection/index.js:764:20)
    at SMTPConnection._onData (/Users/fredrickadegoke/Documents/noldor-ah-backend/node_modules/nodemailer/lib/smtp-connection/index.js:570:14)
    at TLSSocket._socket.on.chunk (/Users/fredrickadegoke/Documents/noldor-ah-backend/node_modules/nodemailer/lib/smtp-connection/index.js:522:47)
    at emitOne (events.js:116:13)
    at TLSSocket.emit (events.js:211:7)
    at addChunk (_stream_readable.js:263:12)
    at readableAddChunk (_stream_readable.js:250:11)
    at TLSSocket.Readable.push (_stream_readable.js:208:10)
    at TLSWrap.onread (net.js:601:20) code: 'EAUTH', command: 'API' }
[Thu Nov 22 2018 17:54:23 GMT+0100 (WAT)] : { Error: Missing credentials for "PLAIN"
    at SMTPConnection._formatError (/Users/fredrickadegoke/Documents/noldor-ah-backend/node_modules/nodemailer/lib/smtp-connection/index.js:605:19)
    at SMTPConnection.login (/Users/fredrickadegoke/Documents/noldor-ah-backend/node_modules/nodemailer/lib/smtp-connection/index.js:362:38)
    at connection.connect (/Users/fredrickadegoke/Documents/noldor-ah-backend/node_modules/nodemailer/lib/smtp-transport/index.js:270:32)
    at SMTPConnection.once (/Users/fredrickadegoke/Documents/noldor-ah-backend/node_modules/nodemailer/lib/smtp-connection/index.js:188:17)
    at Object.onceWrapper (events.js:313:30)
    at emitNone (events.js:106:13)
    at SMTPConnection.emit (events.js:208:7)
    at SMTPConnection._actionEHLO (/Users/fredrickadegoke/Documents/noldor-ah-backend/node_modules/nodemailer/lib/smtp-connection/index.js:1133:14)
    at SMTPConnection._processResponse (/Users/fredrickadegoke/Documents/noldor-ah-backend/node_modules/nodemailer/lib/smtp-connection/index.js:764:20)
    at SMTPConnection._onData (/Users/fredrickadegoke/Documents/noldor-ah-backend/node_modules/nodemailer/lib/smtp-connection/index.js:570:14)
    at TLSSocket._socket.on.chunk (/Users/fredrickadegoke/Documents/noldor-ah-backend/node_modules/nodemailer/lib/smtp-connection/index.js:522:47)
    at emitOne (events.js:116:13)
    at TLSSocket.emit (events.js:211:7)
    at addChunk (_stream_readable.js:263:12)
    at readableAddChunk (_stream_readable.js:250:11)
    at TLSSocket.Readable.push (_stream_readable.js:208:10)
    at TLSWrap.onread (net.js:601:20) code: 'EAUTH', command: 'API' }
[Thu Nov 22 2018 17:54:24 GMT+0100 (WAT)] : { Error: Missing credentials for "PLAIN"
    at SMTPConnection._formatError (/Users/fredrickadegoke/Documents/noldor-ah-backend/node_modules/nodemailer/lib/smtp-connection/index.js:605:19)
    at SMTPConnection.login (/Users/fredrickadegoke/Documents/noldor-ah-backend/node_modules/nodemailer/lib/smtp-connection/index.js:362:38)
    at connection.connect (/Users/fredrickadegoke/Documents/noldor-ah-backend/node_modules/nodemailer/lib/smtp-transport/index.js:270:32)
    at SMTPConnection.once (/Users/fredrickadegoke/Documents/noldor-ah-backend/node_modules/nodemailer/lib/smtp-connection/index.js:188:17)
    at Object.onceWrapper (events.js:313:30)
    at emitNone (events.js:106:13)
    at SMTPConnection.emit (events.js:208:7)
    at SMTPConnection._actionEHLO (/Users/fredrickadegoke/Documents/noldor-ah-backend/node_modules/nodemailer/lib/smtp-connection/index.js:1133:14)
    at SMTPConnection._processResponse (/Users/fredrickadegoke/Documents/noldor-ah-backend/node_modules/nodemailer/lib/smtp-connection/index.js:764:20)
    at SMTPConnection._onData (/Users/fredrickadegoke/Documents/noldor-ah-backend/node_modules/nodemailer/lib/smtp-connection/index.js:570:14)
    at TLSSocket._socket.on.chunk (/Users/fredrickadegoke/Documents/noldor-ah-backend/node_modules/nodemailer/lib/smtp-connection/index.js:522:47)
    at emitOne (events.js:116:13)
    at TLSSocket.emit (events.js:211:7)
    at addChunk (_stream_readable.js:263:12)
    at readableAddChunk (_stream_readable.js:250:11)
    at TLSSocket.Readable.push (_stream_readable.js:208:10)
    at TLSWrap.onread (net.js:601:20) code: 'EAUTH', command: 'API' }
[Thu Nov 22 2018 17:54:24 GMT+0100 (WAT)] : { Error: Missing credentials for "PLAIN"
    at SMTPConnection._formatError (/Users/fredrickadegoke/Documents/noldor-ah-backend/node_modules/nodemailer/lib/smtp-connection/index.js:605:19)
    at SMTPConnection.login (/Users/fredrickadegoke/Documents/noldor-ah-backend/node_modules/nodemailer/lib/smtp-connection/index.js:362:38)
    at connection.connect (/Users/fredrickadegoke/Documents/noldor-ah-backend/node_modules/nodemailer/lib/smtp-transport/index.js:270:32)
    at SMTPConnection.once (/Users/fredrickadegoke/Documents/noldor-ah-backend/node_modules/nodemailer/lib/smtp-connection/index.js:188:17)
    at Object.onceWrapper (events.js:313:30)
    at emitNone (events.js:106:13)
    at SMTPConnection.emit (events.js:208:7)
    at SMTPConnection._actionEHLO (/Users/fredrickadegoke/Documents/noldor-ah-backend/node_modules/nodemailer/lib/smtp-connection/index.js:1133:14)
    at SMTPConnection._processResponse (/Users/fredrickadegoke/Documents/noldor-ah-backend/node_modules/nodemailer/lib/smtp-connection/index.js:764:20)
    at SMTPConnection._onData (/Users/fredrickadegoke/Documents/noldor-ah-backend/node_modules/nodemailer/lib/smtp-connection/index.js:570:14)
    at TLSSocket._socket.on.chunk (/Users/fredrickadegoke/Documents/noldor-ah-backend/node_modules/nodemailer/lib/smtp-connection/index.js:522:47)
    at emitOne (events.js:116:13)
    at TLSSocket.emit (events.js:211:7)
    at addChunk (_stream_readable.js:263:12)
    at readableAddChunk (_stream_readable.js:250:11)
    at TLSSocket.Readable.push (_stream_readable.js:208:10)
    at TLSWrap.onread (net.js:601:20) code: 'EAUTH', command: 'API' }
[Thu Nov 22 2018 17:54:24 GMT+0100 (WAT)] : { Error: Missing credentials for "PLAIN"
    at SMTPConnection._formatError (/Users/fredrickadegoke/Documents/noldor-ah-backend/node_modules/nodemailer/lib/smtp-connection/index.js:605:19)
    at SMTPConnection.login (/Users/fredrickadegoke/Documents/noldor-ah-backend/node_modules/nodemailer/lib/smtp-connection/index.js:362:38)
    at connection.connect (/Users/fredrickadegoke/Documents/noldor-ah-backend/node_modules/nodemailer/lib/smtp-transport/index.js:270:32)
    at SMTPConnection.once (/Users/fredrickadegoke/Documents/noldor-ah-backend/node_modules/nodemailer/lib/smtp-connection/index.js:188:17)
    at Object.onceWrapper (events.js:313:30)
    at emitNone (events.js:106:13)
    at SMTPConnection.emit (events.js:208:7)
    at SMTPConnection._actionEHLO (/Users/fredrickadegoke/Documents/noldor-ah-backend/node_modules/nodemailer/lib/smtp-connection/index.js:1133:14)
    at SMTPConnection._processResponse (/Users/fredrickadegoke/Documents/noldor-ah-backend/node_modules/nodemailer/lib/smtp-connection/index.js:764:20)
    at SMTPConnection._onData (/Users/fredrickadegoke/Documents/noldor-ah-backend/node_modules/nodemailer/lib/smtp-connection/index.js:570:14)
    at TLSSocket._socket.on.chunk (/Users/fredrickadegoke/Documents/noldor-ah-backend/node_modules/nodemailer/lib/smtp-connection/index.js:522:47)
    at emitOne (events.js:116:13)
    at TLSSocket.emit (events.js:211:7)
    at addChunk (_stream_readable.js:263:12)
    at readableAddChunk (_stream_readable.js:250:11)
    at TLSSocket.Readable.push (_stream_readable.js:208:10)
    at TLSWrap.onread (net.js:601:20) code: 'EAUTH', command: 'API' }
[Thu Nov 22 2018 17:54:24 GMT+0100 (WAT)] : { Error: Missing credentials for "PLAIN"
    at SMTPConnection._formatError (/Users/fredrickadegoke/Documents/noldor-ah-backend/node_modules/nodemailer/lib/smtp-connection/index.js:605:19)
    at SMTPConnection.login (/Users/fredrickadegoke/Documents/noldor-ah-backend/node_modules/nodemailer/lib/smtp-connection/index.js:362:38)
    at connection.connect (/Users/fredrickadegoke/Documents/noldor-ah-backend/node_modules/nodemailer/lib/smtp-transport/index.js:270:32)
    at SMTPConnection.once (/Users/fredrickadegoke/Documents/noldor-ah-backend/node_modules/nodemailer/lib/smtp-connection/index.js:188:17)
    at Object.onceWrapper (events.js:313:30)
    at emitNone (events.js:106:13)
    at SMTPConnection.emit (events.js:208:7)
    at SMTPConnection._actionEHLO (/Users/fredrickadegoke/Documents/noldor-ah-backend/node_modules/nodemailer/lib/smtp-connection/index.js:1133:14)
    at SMTPConnection._processResponse (/Users/fredrickadegoke/Documents/noldor-ah-backend/node_modules/nodemailer/lib/smtp-connection/index.js:764:20)
    at SMTPConnection._onData (/Users/fredrickadegoke/Documents/noldor-ah-backend/node_modules/nodemailer/lib/smtp-connection/index.js:570:14)
    at TLSSocket._socket.on.chunk (/Users/fredrickadegoke/Documents/noldor-ah-backend/node_modules/nodemailer/lib/smtp-connection/index.js:522:47)
    at emitOne (events.js:116:13)
    at TLSSocket.emit (events.js:211:7)
    at addChunk (_stream_readable.js:263:12)
    at readableAddChunk (_stream_readable.js:250:11)
    at TLSSocket.Readable.push (_stream_readable.js:208:10)
    at TLSWrap.onread (net.js:601:20) code: 'EAUTH', command: 'API' }
[Thu Nov 22 2018 17:54:25 GMT+0100 (WAT)] : { Error: Missing credentials for "PLAIN"
    at SMTPConnection._formatError (/Users/fredrickadegoke/Documents/noldor-ah-backend/node_modules/nodemailer/lib/smtp-connection/index.js:605:19)
    at SMTPConnection.login (/Users/fredrickadegoke/Documents/noldor-ah-backend/node_modules/nodemailer/lib/smtp-connection/index.js:362:38)
    at connection.connect (/Users/fredrickadegoke/Documents/noldor-ah-backend/node_modules/nodemailer/lib/smtp-transport/index.js:270:32)
    at SMTPConnection.once (/Users/fredrickadegoke/Documents/noldor-ah-backend/node_modules/nodemailer/lib/smtp-connection/index.js:188:17)
    at Object.onceWrapper (events.js:313:30)
    at emitNone (events.js:106:13)
    at SMTPConnection.emit (events.js:208:7)
    at SMTPConnection._actionEHLO (/Users/fredrickadegoke/Documents/noldor-ah-backend/node_modules/nodemailer/lib/smtp-connection/index.js:1133:14)
    at SMTPConnection._processResponse (/Users/fredrickadegoke/Documents/noldor-ah-backend/node_modules/nodemailer/lib/smtp-connection/index.js:764:20)
    at SMTPConnection._onData (/Users/fredrickadegoke/Documents/noldor-ah-backend/node_modules/nodemailer/lib/smtp-connection/index.js:570:14)
    at TLSSocket._socket.on.chunk (/Users/fredrickadegoke/Documents/noldor-ah-backend/node_modules/nodemailer/lib/smtp-connection/index.js:522:47)
    at emitOne (events.js:116:13)
    at TLSSocket.emit (events.js:211:7)
    at addChunk (_stream_readable.js:263:12)
    at readableAddChunk (_stream_readable.js:250:11)
    at TLSSocket.Readable.push (_stream_readable.js:208:10)
    at TLSWrap.onread (net.js:601:20) code: 'EAUTH', command: 'API' }
[Thu Nov 22 2018 17:54:25 GMT+0100 (WAT)] : { Error: Missing credentials for "PLAIN"
    at SMTPConnection._formatError (/Users/fredrickadegoke/Documents/noldor-ah-backend/node_modules/nodemailer/lib/smtp-connection/index.js:605:19)
    at SMTPConnection.login (/Users/fredrickadegoke/Documents/noldor-ah-backend/node_modules/nodemailer/lib/smtp-connection/index.js:362:38)
    at connection.connect (/Users/fredrickadegoke/Documents/noldor-ah-backend/node_modules/nodemailer/lib/smtp-transport/index.js:270:32)
    at SMTPConnection.once (/Users/fredrickadegoke/Documents/noldor-ah-backend/node_modules/nodemailer/lib/smtp-connection/index.js:188:17)
    at Object.onceWrapper (events.js:313:30)
    at emitNone (events.js:106:13)
    at SMTPConnection.emit (events.js:208:7)
    at SMTPConnection._actionEHLO (/Users/fredrickadegoke/Documents/noldor-ah-backend/node_modules/nodemailer/lib/smtp-connection/index.js:1133:14)
    at SMTPConnection._processResponse (/Users/fredrickadegoke/Documents/noldor-ah-backend/node_modules/nodemailer/lib/smtp-connection/index.js:764:20)
    at SMTPConnection._onData (/Users/fredrickadegoke/Documents/noldor-ah-backend/node_modules/nodemailer/lib/smtp-connection/index.js:570:14)
    at TLSSocket._socket.on.chunk (/Users/fredrickadegoke/Documents/noldor-ah-backend/node_modules/nodemailer/lib/smtp-connection/index.js:522:47)
    at emitOne (events.js:116:13)
    at TLSSocket.emit (events.js:211:7)
    at addChunk (_stream_readable.js:263:12)
    at readableAddChunk (_stream_readable.js:250:11)
    at TLSSocket.Readable.push (_stream_readable.js:208:10)
    at TLSWrap.onread (net.js:601:20) code: 'EAUTH', command: 'API' }
[Thu Nov 22 2018 17:54:25 GMT+0100 (WAT)] : { Error: Missing credentials for "PLAIN"
    at SMTPConnection._formatError (/Users/fredrickadegoke/Documents/noldor-ah-backend/node_modules/nodemailer/lib/smtp-connection/index.js:605:19)
    at SMTPConnection.login (/Users/fredrickadegoke/Documents/noldor-ah-backend/node_modules/nodemailer/lib/smtp-connection/index.js:362:38)
    at connection.connect (/Users/fredrickadegoke/Documents/noldor-ah-backend/node_modules/nodemailer/lib/smtp-transport/index.js:270:32)
    at SMTPConnection.once (/Users/fredrickadegoke/Documents/noldor-ah-backend/node_modules/nodemailer/lib/smtp-connection/index.js:188:17)
    at Object.onceWrapper (events.js:313:30)
    at emitNone (events.js:106:13)
    at SMTPConnection.emit (events.js:208:7)
    at SMTPConnection._actionEHLO (/Users/fredrickadegoke/Documents/noldor-ah-backend/node_modules/nodemailer/lib/smtp-connection/index.js:1133:14)
    at SMTPConnection._processResponse (/Users/fredrickadegoke/Documents/noldor-ah-backend/node_modules/nodemailer/lib/smtp-connection/index.js:764:20)
    at SMTPConnection._onData (/Users/fredrickadegoke/Documents/noldor-ah-backend/node_modules/nodemailer/lib/smtp-connection/index.js:570:14)
    at TLSSocket._socket.on.chunk (/Users/fredrickadegoke/Documents/noldor-ah-backend/node_modules/nodemailer/lib/smtp-connection/index.js:522:47)
    at emitOne (events.js:116:13)
    at TLSSocket.emit (events.js:211:7)
    at addChunk (_stream_readable.js:263:12)
    at readableAddChunk (_stream_readable.js:250:11)
    at TLSSocket.Readable.push (_stream_readable.js:208:10)
    at TLSWrap.onread (net.js:601:20) code: 'EAUTH', command: 'API' }
[Thu Nov 22 2018 17:54:25 GMT+0100 (WAT)] : { Error: Missing credentials for "PLAIN"
    at SMTPConnection._formatError (/Users/fredrickadegoke/Documents/noldor-ah-backend/node_modules/nodemailer/lib/smtp-connection/index.js:605:19)
    at SMTPConnection.login (/Users/fredrickadegoke/Documents/noldor-ah-backend/node_modules/nodemailer/lib/smtp-connection/index.js:362:38)
    at connection.connect (/Users/fredrickadegoke/Documents/noldor-ah-backend/node_modules/nodemailer/lib/smtp-transport/index.js:270:32)
    at SMTPConnection.once (/Users/fredrickadegoke/Documents/noldor-ah-backend/node_modules/nodemailer/lib/smtp-connection/index.js:188:17)
    at Object.onceWrapper (events.js:313:30)
    at emitNone (events.js:106:13)
    at SMTPConnection.emit (events.js:208:7)
    at SMTPConnection._actionEHLO (/Users/fredrickadegoke/Documents/noldor-ah-backend/node_modules/nodemailer/lib/smtp-connection/index.js:1133:14)
    at SMTPConnection._processResponse (/Users/fredrickadegoke/Documents/noldor-ah-backend/node_modules/nodemailer/lib/smtp-connection/index.js:764:20)
    at SMTPConnection._onData (/Users/fredrickadegoke/Documents/noldor-ah-backend/node_modules/nodemailer/lib/smtp-connection/index.js:570:14)
    at TLSSocket._socket.on.chunk (/Users/fredrickadegoke/Documents/noldor-ah-backend/node_modules/nodemailer/lib/smtp-connection/index.js:522:47)
    at emitOne (events.js:116:13)
    at TLSSocket.emit (events.js:211:7)
    at addChunk (_stream_readable.js:263:12)
    at readableAddChunk (_stream_readable.js:250:11)
    at TLSSocket.Readable.push (_stream_readable.js:208:10)
    at TLSWrap.onread (net.js:601:20) code: 'EAUTH', command: 'API' }
[Thu Nov 22 2018 17:54:25 GMT+0100 (WAT)] : { Error: Missing credentials for "PLAIN"
    at SMTPConnection._formatError (/Users/fredrickadegoke/Documents/noldor-ah-backend/node_modules/nodemailer/lib/smtp-connection/index.js:605:19)
    at SMTPConnection.login (/Users/fredrickadegoke/Documents/noldor-ah-backend/node_modules/nodemailer/lib/smtp-connection/index.js:362:38)
    at connection.connect (/Users/fredrickadegoke/Documents/noldor-ah-backend/node_modules/nodemailer/lib/smtp-transport/index.js:270:32)
    at SMTPConnection.once (/Users/fredrickadegoke/Documents/noldor-ah-backend/node_modules/nodemailer/lib/smtp-connection/index.js:188:17)
    at Object.onceWrapper (events.js:313:30)
    at emitNone (events.js:106:13)
    at SMTPConnection.emit (events.js:208:7)
    at SMTPConnection._actionEHLO (/Users/fredrickadegoke/Documents/noldor-ah-backend/node_modules/nodemailer/lib/smtp-connection/index.js:1133:14)
    at SMTPConnection._processResponse (/Users/fredrickadegoke/Documents/noldor-ah-backend/node_modules/nodemailer/lib/smtp-connection/index.js:764:20)
    at SMTPConnection._onData (/Users/fredrickadegoke/Documents/noldor-ah-backend/node_modules/nodemailer/lib/smtp-connection/index.js:570:14)
    at TLSSocket._socket.on.chunk (/Users/fredrickadegoke/Documents/noldor-ah-backend/node_modules/nodemailer/lib/smtp-connection/index.js:522:47)
    at emitOne (events.js:116:13)
    at TLSSocket.emit (events.js:211:7)
    at addChunk (_stream_readable.js:263:12)
    at readableAddChunk (_stream_readable.js:250:11)
    at TLSSocket.Readable.push (_stream_readable.js:208:10)
    at TLSWrap.onread (net.js:601:20) code: 'EAUTH', command: 'API' }
[Thu Nov 22 2018 17:54:26 GMT+0100 (WAT)] : { Error: Missing credentials for "PLAIN"
    at SMTPConnection._formatError (/Users/fredrickadegoke/Documents/noldor-ah-backend/node_modules/nodemailer/lib/smtp-connection/index.js:605:19)
    at SMTPConnection.login (/Users/fredrickadegoke/Documents/noldor-ah-backend/node_modules/nodemailer/lib/smtp-connection/index.js:362:38)
    at connection.connect (/Users/fredrickadegoke/Documents/noldor-ah-backend/node_modules/nodemailer/lib/smtp-transport/index.js:270:32)
    at SMTPConnection.once (/Users/fredrickadegoke/Documents/noldor-ah-backend/node_modules/nodemailer/lib/smtp-connection/index.js:188:17)
    at Object.onceWrapper (events.js:313:30)
    at emitNone (events.js:106:13)
    at SMTPConnection.emit (events.js:208:7)
    at SMTPConnection._actionEHLO (/Users/fredrickadegoke/Documents/noldor-ah-backend/node_modules/nodemailer/lib/smtp-connection/index.js:1133:14)
    at SMTPConnection._processResponse (/Users/fredrickadegoke/Documents/noldor-ah-backend/node_modules/nodemailer/lib/smtp-connection/index.js:764:20)
    at SMTPConnection._onData (/Users/fredrickadegoke/Documents/noldor-ah-backend/node_modules/nodemailer/lib/smtp-connection/index.js:570:14)
    at TLSSocket._socket.on.chunk (/Users/fredrickadegoke/Documents/noldor-ah-backend/node_modules/nodemailer/lib/smtp-connection/index.js:522:47)
    at emitOne (events.js:116:13)
    at TLSSocket.emit (events.js:211:7)
    at addChunk (_stream_readable.js:263:12)
    at readableAddChunk (_stream_readable.js:250:11)
    at TLSSocket.Readable.push (_stream_readable.js:208:10)
    at TLSWrap.onread (net.js:601:20) code: 'EAUTH', command: 'API' }
[Thu Nov 22 2018 17:54:26 GMT+0100 (WAT)] : { Error: Missing credentials for "PLAIN"
    at SMTPConnection._formatError (/Users/fredrickadegoke/Documents/noldor-ah-backend/node_modules/nodemailer/lib/smtp-connection/index.js:605:19)
    at SMTPConnection.login (/Users/fredrickadegoke/Documents/noldor-ah-backend/node_modules/nodemailer/lib/smtp-connection/index.js:362:38)
    at connection.connect (/Users/fredrickadegoke/Documents/noldor-ah-backend/node_modules/nodemailer/lib/smtp-transport/index.js:270:32)
    at SMTPConnection.once (/Users/fredrickadegoke/Documents/noldor-ah-backend/node_modules/nodemailer/lib/smtp-connection/index.js:188:17)
    at Object.onceWrapper (events.js:313:30)
    at emitNone (events.js:106:13)
    at SMTPConnection.emit (events.js:208:7)
    at SMTPConnection._actionEHLO (/Users/fredrickadegoke/Documents/noldor-ah-backend/node_modules/nodemailer/lib/smtp-connection/index.js:1133:14)
    at SMTPConnection._processResponse (/Users/fredrickadegoke/Documents/noldor-ah-backend/node_modules/nodemailer/lib/smtp-connection/index.js:764:20)
    at SMTPConnection._onData (/Users/fredrickadegoke/Documents/noldor-ah-backend/node_modules/nodemailer/lib/smtp-connection/index.js:570:14)
    at TLSSocket._socket.on.chunk (/Users/fredrickadegoke/Documents/noldor-ah-backend/node_modules/nodemailer/lib/smtp-connection/index.js:522:47)
    at emitOne (events.js:116:13)
    at TLSSocket.emit (events.js:211:7)
    at addChunk (_stream_readable.js:263:12)
    at readableAddChunk (_stream_readable.js:250:11)
    at TLSSocket.Readable.push (_stream_readable.js:208:10)
    at TLSWrap.onread (net.js:601:20) code: 'EAUTH', command: 'API' }
[Thu Nov 22 2018 17:54:26 GMT+0100 (WAT)] : { Error: Missing credentials for "PLAIN"
    at SMTPConnection._formatError (/Users/fredrickadegoke/Documents/noldor-ah-backend/node_modules/nodemailer/lib/smtp-connection/index.js:605:19)
    at SMTPConnection.login (/Users/fredrickadegoke/Documents/noldor-ah-backend/node_modules/nodemailer/lib/smtp-connection/index.js:362:38)
    at connection.connect (/Users/fredrickadegoke/Documents/noldor-ah-backend/node_modules/nodemailer/lib/smtp-transport/index.js:270:32)
    at SMTPConnection.once (/Users/fredrickadegoke/Documents/noldor-ah-backend/node_modules/nodemailer/lib/smtp-connection/index.js:188:17)
    at Object.onceWrapper (events.js:313:30)
    at emitNone (events.js:106:13)
    at SMTPConnection.emit (events.js:208:7)
    at SMTPConnection._actionEHLO (/Users/fredrickadegoke/Documents/noldor-ah-backend/node_modules/nodemailer/lib/smtp-connection/index.js:1133:14)
    at SMTPConnection._processResponse (/Users/fredrickadegoke/Documents/noldor-ah-backend/node_modules/nodemailer/lib/smtp-connection/index.js:764:20)
    at SMTPConnection._onData (/Users/fredrickadegoke/Documents/noldor-ah-backend/node_modules/nodemailer/lib/smtp-connection/index.js:570:14)
    at TLSSocket._socket.on.chunk (/Users/fredrickadegoke/Documents/noldor-ah-backend/node_modules/nodemailer/lib/smtp-connection/index.js:522:47)
    at emitOne (events.js:116:13)
    at TLSSocket.emit (events.js:211:7)
    at addChunk (_stream_readable.js:263:12)
    at readableAddChunk (_stream_readable.js:250:11)
    at TLSSocket.Readable.push (_stream_readable.js:208:10)
    at TLSWrap.onread (net.js:601:20) code: 'EAUTH', command: 'API' }
[Thu Nov 22 2018 17:54:26 GMT+0100 (WAT)] : { Error: Missing credentials for "PLAIN"
    at SMTPConnection._formatError (/Users/fredrickadegoke/Documents/noldor-ah-backend/node_modules/nodemailer/lib/smtp-connection/index.js:605:19)
    at SMTPConnection.login (/Users/fredrickadegoke/Documents/noldor-ah-backend/node_modules/nodemailer/lib/smtp-connection/index.js:362:38)
    at connection.connect (/Users/fredrickadegoke/Documents/noldor-ah-backend/node_modules/nodemailer/lib/smtp-transport/index.js:270:32)
    at SMTPConnection.once (/Users/fredrickadegoke/Documents/noldor-ah-backend/node_modules/nodemailer/lib/smtp-connection/index.js:188:17)
    at Object.onceWrapper (events.js:313:30)
    at emitNone (events.js:106:13)
    at SMTPConnection.emit (events.js:208:7)
    at SMTPConnection._actionEHLO (/Users/fredrickadegoke/Documents/noldor-ah-backend/node_modules/nodemailer/lib/smtp-connection/index.js:1133:14)
    at SMTPConnection._processResponse (/Users/fredrickadegoke/Documents/noldor-ah-backend/node_modules/nodemailer/lib/smtp-connection/index.js:764:20)
    at SMTPConnection._onData (/Users/fredrickadegoke/Documents/noldor-ah-backend/node_modules/nodemailer/lib/smtp-connection/index.js:570:14)
    at TLSSocket._socket.on.chunk (/Users/fredrickadegoke/Documents/noldor-ah-backend/node_modules/nodemailer/lib/smtp-connection/index.js:522:47)
    at emitOne (events.js:116:13)
    at TLSSocket.emit (events.js:211:7)
    at addChunk (_stream_readable.js:263:12)
    at readableAddChunk (_stream_readable.js:250:11)
    at TLSSocket.Readable.push (_stream_readable.js:208:10)
    at TLSWrap.onread (net.js:601:20) code: 'EAUTH', command: 'API' }
[Thu Nov 22 2018 17:54:26 GMT+0100 (WAT)] : 'This is just an error logger test'
[Thu Nov 22 2018 17:54:26 GMT+0100 (WAT)] : 'This is just an error logger test'
[Thu Nov 22 2018 17:54:26 GMT+0100 (WAT)] : 'This is just an error logger test'
[Thu Nov 22 2018 18:02:29 GMT+0100 (WAT)] : { Error: Missing credentials for "PLAIN"
    at SMTPConnection._formatError (/Users/fredrickadegoke/Documents/noldor-ah-backend/node_modules/nodemailer/lib/smtp-connection/index.js:605:19)
    at SMTPConnection.login (/Users/fredrickadegoke/Documents/noldor-ah-backend/node_modules/nodemailer/lib/smtp-connection/index.js:362:38)
    at connection.connect (/Users/fredrickadegoke/Documents/noldor-ah-backend/node_modules/nodemailer/lib/smtp-transport/index.js:270:32)
    at SMTPConnection.once (/Users/fredrickadegoke/Documents/noldor-ah-backend/node_modules/nodemailer/lib/smtp-connection/index.js:188:17)
    at Object.onceWrapper (events.js:313:30)
    at emitNone (events.js:106:13)
    at SMTPConnection.emit (events.js:208:7)
    at SMTPConnection._actionEHLO (/Users/fredrickadegoke/Documents/noldor-ah-backend/node_modules/nodemailer/lib/smtp-connection/index.js:1133:14)
    at SMTPConnection._processResponse (/Users/fredrickadegoke/Documents/noldor-ah-backend/node_modules/nodemailer/lib/smtp-connection/index.js:764:20)
    at SMTPConnection._onData (/Users/fredrickadegoke/Documents/noldor-ah-backend/node_modules/nodemailer/lib/smtp-connection/index.js:570:14)
    at TLSSocket._socket.on.chunk (/Users/fredrickadegoke/Documents/noldor-ah-backend/node_modules/nodemailer/lib/smtp-connection/index.js:522:47)
    at emitOne (events.js:116:13)
    at TLSSocket.emit (events.js:211:7)
    at addChunk (_stream_readable.js:263:12)
    at readableAddChunk (_stream_readable.js:250:11)
    at TLSSocket.Readable.push (_stream_readable.js:208:10)
    at TLSWrap.onread (net.js:601:20) code: 'EAUTH', command: 'API' }
[Thu Nov 22 2018 18:02:29 GMT+0100 (WAT)] : { Error: Missing credentials for "PLAIN"
    at SMTPConnection._formatError (/Users/fredrickadegoke/Documents/noldor-ah-backend/node_modules/nodemailer/lib/smtp-connection/index.js:605:19)
    at SMTPConnection.login (/Users/fredrickadegoke/Documents/noldor-ah-backend/node_modules/nodemailer/lib/smtp-connection/index.js:362:38)
    at connection.connect (/Users/fredrickadegoke/Documents/noldor-ah-backend/node_modules/nodemailer/lib/smtp-transport/index.js:270:32)
    at SMTPConnection.once (/Users/fredrickadegoke/Documents/noldor-ah-backend/node_modules/nodemailer/lib/smtp-connection/index.js:188:17)
    at Object.onceWrapper (events.js:313:30)
    at emitNone (events.js:106:13)
    at SMTPConnection.emit (events.js:208:7)
    at SMTPConnection._actionEHLO (/Users/fredrickadegoke/Documents/noldor-ah-backend/node_modules/nodemailer/lib/smtp-connection/index.js:1133:14)
    at SMTPConnection._processResponse (/Users/fredrickadegoke/Documents/noldor-ah-backend/node_modules/nodemailer/lib/smtp-connection/index.js:764:20)
    at SMTPConnection._onData (/Users/fredrickadegoke/Documents/noldor-ah-backend/node_modules/nodemailer/lib/smtp-connection/index.js:570:14)
    at TLSSocket._socket.on.chunk (/Users/fredrickadegoke/Documents/noldor-ah-backend/node_modules/nodemailer/lib/smtp-connection/index.js:522:47)
    at emitOne (events.js:116:13)
    at TLSSocket.emit (events.js:211:7)
    at addChunk (_stream_readable.js:263:12)
    at readableAddChunk (_stream_readable.js:250:11)
    at TLSSocket.Readable.push (_stream_readable.js:208:10)
    at TLSWrap.onread (net.js:601:20) code: 'EAUTH', command: 'API' }
[Thu Nov 22 2018 18:02:29 GMT+0100 (WAT)] : { Error: Missing credentials for "PLAIN"
    at SMTPConnection._formatError (/Users/fredrickadegoke/Documents/noldor-ah-backend/node_modules/nodemailer/lib/smtp-connection/index.js:605:19)
    at SMTPConnection.login (/Users/fredrickadegoke/Documents/noldor-ah-backend/node_modules/nodemailer/lib/smtp-connection/index.js:362:38)
    at connection.connect (/Users/fredrickadegoke/Documents/noldor-ah-backend/node_modules/nodemailer/lib/smtp-transport/index.js:270:32)
    at SMTPConnection.once (/Users/fredrickadegoke/Documents/noldor-ah-backend/node_modules/nodemailer/lib/smtp-connection/index.js:188:17)
    at Object.onceWrapper (events.js:313:30)
    at emitNone (events.js:106:13)
    at SMTPConnection.emit (events.js:208:7)
    at SMTPConnection._actionEHLO (/Users/fredrickadegoke/Documents/noldor-ah-backend/node_modules/nodemailer/lib/smtp-connection/index.js:1133:14)
    at SMTPConnection._processResponse (/Users/fredrickadegoke/Documents/noldor-ah-backend/node_modules/nodemailer/lib/smtp-connection/index.js:764:20)
    at SMTPConnection._onData (/Users/fredrickadegoke/Documents/noldor-ah-backend/node_modules/nodemailer/lib/smtp-connection/index.js:570:14)
    at TLSSocket._socket.on.chunk (/Users/fredrickadegoke/Documents/noldor-ah-backend/node_modules/nodemailer/lib/smtp-connection/index.js:522:47)
    at emitOne (events.js:116:13)
    at TLSSocket.emit (events.js:211:7)
    at addChunk (_stream_readable.js:263:12)
    at readableAddChunk (_stream_readable.js:250:11)
    at TLSSocket.Readable.push (_stream_readable.js:208:10)
    at TLSWrap.onread (net.js:601:20) code: 'EAUTH', command: 'API' }
[Thu Nov 22 2018 18:02:29 GMT+0100 (WAT)] : { Error: Missing credentials for "PLAIN"
    at SMTPConnection._formatError (/Users/fredrickadegoke/Documents/noldor-ah-backend/node_modules/nodemailer/lib/smtp-connection/index.js:605:19)
    at SMTPConnection.login (/Users/fredrickadegoke/Documents/noldor-ah-backend/node_modules/nodemailer/lib/smtp-connection/index.js:362:38)
    at connection.connect (/Users/fredrickadegoke/Documents/noldor-ah-backend/node_modules/nodemailer/lib/smtp-transport/index.js:270:32)
    at SMTPConnection.once (/Users/fredrickadegoke/Documents/noldor-ah-backend/node_modules/nodemailer/lib/smtp-connection/index.js:188:17)
    at Object.onceWrapper (events.js:313:30)
    at emitNone (events.js:106:13)
    at SMTPConnection.emit (events.js:208:7)
    at SMTPConnection._actionEHLO (/Users/fredrickadegoke/Documents/noldor-ah-backend/node_modules/nodemailer/lib/smtp-connection/index.js:1133:14)
    at SMTPConnection._processResponse (/Users/fredrickadegoke/Documents/noldor-ah-backend/node_modules/nodemailer/lib/smtp-connection/index.js:764:20)
    at SMTPConnection._onData (/Users/fredrickadegoke/Documents/noldor-ah-backend/node_modules/nodemailer/lib/smtp-connection/index.js:570:14)
    at TLSSocket._socket.on.chunk (/Users/fredrickadegoke/Documents/noldor-ah-backend/node_modules/nodemailer/lib/smtp-connection/index.js:522:47)
    at emitOne (events.js:116:13)
    at TLSSocket.emit (events.js:211:7)
    at addChunk (_stream_readable.js:263:12)
    at readableAddChunk (_stream_readable.js:250:11)
    at TLSSocket.Readable.push (_stream_readable.js:208:10)
    at TLSWrap.onread (net.js:601:20) code: 'EAUTH', command: 'API' }
[Thu Nov 22 2018 18:02:30 GMT+0100 (WAT)] : { Error: Missing credentials for "PLAIN"
    at SMTPConnection._formatError (/Users/fredrickadegoke/Documents/noldor-ah-backend/node_modules/nodemailer/lib/smtp-connection/index.js:605:19)
    at SMTPConnection.login (/Users/fredrickadegoke/Documents/noldor-ah-backend/node_modules/nodemailer/lib/smtp-connection/index.js:362:38)
    at connection.connect (/Users/fredrickadegoke/Documents/noldor-ah-backend/node_modules/nodemailer/lib/smtp-transport/index.js:270:32)
    at SMTPConnection.once (/Users/fredrickadegoke/Documents/noldor-ah-backend/node_modules/nodemailer/lib/smtp-connection/index.js:188:17)
    at Object.onceWrapper (events.js:313:30)
    at emitNone (events.js:106:13)
    at SMTPConnection.emit (events.js:208:7)
    at SMTPConnection._actionEHLO (/Users/fredrickadegoke/Documents/noldor-ah-backend/node_modules/nodemailer/lib/smtp-connection/index.js:1133:14)
    at SMTPConnection._processResponse (/Users/fredrickadegoke/Documents/noldor-ah-backend/node_modules/nodemailer/lib/smtp-connection/index.js:764:20)
    at SMTPConnection._onData (/Users/fredrickadegoke/Documents/noldor-ah-backend/node_modules/nodemailer/lib/smtp-connection/index.js:570:14)
    at TLSSocket._socket.on.chunk (/Users/fredrickadegoke/Documents/noldor-ah-backend/node_modules/nodemailer/lib/smtp-connection/index.js:522:47)
    at emitOne (events.js:116:13)
    at TLSSocket.emit (events.js:211:7)
    at addChunk (_stream_readable.js:263:12)
    at readableAddChunk (_stream_readable.js:250:11)
    at TLSSocket.Readable.push (_stream_readable.js:208:10)
    at TLSWrap.onread (net.js:601:20) code: 'EAUTH', command: 'API' }
[Thu Nov 22 2018 18:02:30 GMT+0100 (WAT)] : { Error: Missing credentials for "PLAIN"
    at SMTPConnection._formatError (/Users/fredrickadegoke/Documents/noldor-ah-backend/node_modules/nodemailer/lib/smtp-connection/index.js:605:19)
    at SMTPConnection.login (/Users/fredrickadegoke/Documents/noldor-ah-backend/node_modules/nodemailer/lib/smtp-connection/index.js:362:38)
    at connection.connect (/Users/fredrickadegoke/Documents/noldor-ah-backend/node_modules/nodemailer/lib/smtp-transport/index.js:270:32)
    at SMTPConnection.once (/Users/fredrickadegoke/Documents/noldor-ah-backend/node_modules/nodemailer/lib/smtp-connection/index.js:188:17)
    at Object.onceWrapper (events.js:313:30)
    at emitNone (events.js:106:13)
    at SMTPConnection.emit (events.js:208:7)
    at SMTPConnection._actionEHLO (/Users/fredrickadegoke/Documents/noldor-ah-backend/node_modules/nodemailer/lib/smtp-connection/index.js:1133:14)
    at SMTPConnection._processResponse (/Users/fredrickadegoke/Documents/noldor-ah-backend/node_modules/nodemailer/lib/smtp-connection/index.js:764:20)
    at SMTPConnection._onData (/Users/fredrickadegoke/Documents/noldor-ah-backend/node_modules/nodemailer/lib/smtp-connection/index.js:570:14)
    at TLSSocket._socket.on.chunk (/Users/fredrickadegoke/Documents/noldor-ah-backend/node_modules/nodemailer/lib/smtp-connection/index.js:522:47)
    at emitOne (events.js:116:13)
    at TLSSocket.emit (events.js:211:7)
    at addChunk (_stream_readable.js:263:12)
    at readableAddChunk (_stream_readable.js:250:11)
    at TLSSocket.Readable.push (_stream_readable.js:208:10)
    at TLSWrap.onread (net.js:601:20) code: 'EAUTH', command: 'API' }
[Thu Nov 22 2018 18:02:30 GMT+0100 (WAT)] : { Error: Missing credentials for "PLAIN"
    at SMTPConnection._formatError (/Users/fredrickadegoke/Documents/noldor-ah-backend/node_modules/nodemailer/lib/smtp-connection/index.js:605:19)
    at SMTPConnection.login (/Users/fredrickadegoke/Documents/noldor-ah-backend/node_modules/nodemailer/lib/smtp-connection/index.js:362:38)
    at connection.connect (/Users/fredrickadegoke/Documents/noldor-ah-backend/node_modules/nodemailer/lib/smtp-transport/index.js:270:32)
    at SMTPConnection.once (/Users/fredrickadegoke/Documents/noldor-ah-backend/node_modules/nodemailer/lib/smtp-connection/index.js:188:17)
    at Object.onceWrapper (events.js:313:30)
    at emitNone (events.js:106:13)
    at SMTPConnection.emit (events.js:208:7)
    at SMTPConnection._actionEHLO (/Users/fredrickadegoke/Documents/noldor-ah-backend/node_modules/nodemailer/lib/smtp-connection/index.js:1133:14)
    at SMTPConnection._processResponse (/Users/fredrickadegoke/Documents/noldor-ah-backend/node_modules/nodemailer/lib/smtp-connection/index.js:764:20)
    at SMTPConnection._onData (/Users/fredrickadegoke/Documents/noldor-ah-backend/node_modules/nodemailer/lib/smtp-connection/index.js:570:14)
    at TLSSocket._socket.on.chunk (/Users/fredrickadegoke/Documents/noldor-ah-backend/node_modules/nodemailer/lib/smtp-connection/index.js:522:47)
    at emitOne (events.js:116:13)
    at TLSSocket.emit (events.js:211:7)
    at addChunk (_stream_readable.js:263:12)
    at readableAddChunk (_stream_readable.js:250:11)
    at TLSSocket.Readable.push (_stream_readable.js:208:10)
    at TLSWrap.onread (net.js:601:20) code: 'EAUTH', command: 'API' }
[Thu Nov 22 2018 18:02:30 GMT+0100 (WAT)] : { Error: Missing credentials for "PLAIN"
    at SMTPConnection._formatError (/Users/fredrickadegoke/Documents/noldor-ah-backend/node_modules/nodemailer/lib/smtp-connection/index.js:605:19)
    at SMTPConnection.login (/Users/fredrickadegoke/Documents/noldor-ah-backend/node_modules/nodemailer/lib/smtp-connection/index.js:362:38)
    at connection.connect (/Users/fredrickadegoke/Documents/noldor-ah-backend/node_modules/nodemailer/lib/smtp-transport/index.js:270:32)
    at SMTPConnection.once (/Users/fredrickadegoke/Documents/noldor-ah-backend/node_modules/nodemailer/lib/smtp-connection/index.js:188:17)
    at Object.onceWrapper (events.js:313:30)
    at emitNone (events.js:106:13)
    at SMTPConnection.emit (events.js:208:7)
    at SMTPConnection._actionEHLO (/Users/fredrickadegoke/Documents/noldor-ah-backend/node_modules/nodemailer/lib/smtp-connection/index.js:1133:14)
    at SMTPConnection._processResponse (/Users/fredrickadegoke/Documents/noldor-ah-backend/node_modules/nodemailer/lib/smtp-connection/index.js:764:20)
    at SMTPConnection._onData (/Users/fredrickadegoke/Documents/noldor-ah-backend/node_modules/nodemailer/lib/smtp-connection/index.js:570:14)
    at TLSSocket._socket.on.chunk (/Users/fredrickadegoke/Documents/noldor-ah-backend/node_modules/nodemailer/lib/smtp-connection/index.js:522:47)
    at emitOne (events.js:116:13)
    at TLSSocket.emit (events.js:211:7)
    at addChunk (_stream_readable.js:263:12)
    at readableAddChunk (_stream_readable.js:250:11)
    at TLSSocket.Readable.push (_stream_readable.js:208:10)
    at TLSWrap.onread (net.js:601:20) code: 'EAUTH', command: 'API' }
[Thu Nov 22 2018 18:02:31 GMT+0100 (WAT)] : { Error: Missing credentials for "PLAIN"
    at SMTPConnection._formatError (/Users/fredrickadegoke/Documents/noldor-ah-backend/node_modules/nodemailer/lib/smtp-connection/index.js:605:19)
    at SMTPConnection.login (/Users/fredrickadegoke/Documents/noldor-ah-backend/node_modules/nodemailer/lib/smtp-connection/index.js:362:38)
    at connection.connect (/Users/fredrickadegoke/Documents/noldor-ah-backend/node_modules/nodemailer/lib/smtp-transport/index.js:270:32)
    at SMTPConnection.once (/Users/fredrickadegoke/Documents/noldor-ah-backend/node_modules/nodemailer/lib/smtp-connection/index.js:188:17)
    at Object.onceWrapper (events.js:313:30)
    at emitNone (events.js:106:13)
    at SMTPConnection.emit (events.js:208:7)
    at SMTPConnection._actionEHLO (/Users/fredrickadegoke/Documents/noldor-ah-backend/node_modules/nodemailer/lib/smtp-connection/index.js:1133:14)
    at SMTPConnection._processResponse (/Users/fredrickadegoke/Documents/noldor-ah-backend/node_modules/nodemailer/lib/smtp-connection/index.js:764:20)
    at SMTPConnection._onData (/Users/fredrickadegoke/Documents/noldor-ah-backend/node_modules/nodemailer/lib/smtp-connection/index.js:570:14)
    at TLSSocket._socket.on.chunk (/Users/fredrickadegoke/Documents/noldor-ah-backend/node_modules/nodemailer/lib/smtp-connection/index.js:522:47)
    at emitOne (events.js:116:13)
    at TLSSocket.emit (events.js:211:7)
    at addChunk (_stream_readable.js:263:12)
    at readableAddChunk (_stream_readable.js:250:11)
    at TLSSocket.Readable.push (_stream_readable.js:208:10)
    at TLSWrap.onread (net.js:601:20) code: 'EAUTH', command: 'API' }
[Thu Nov 22 2018 18:02:31 GMT+0100 (WAT)] : { Error: Missing credentials for "PLAIN"
    at SMTPConnection._formatError (/Users/fredrickadegoke/Documents/noldor-ah-backend/node_modules/nodemailer/lib/smtp-connection/index.js:605:19)
    at SMTPConnection.login (/Users/fredrickadegoke/Documents/noldor-ah-backend/node_modules/nodemailer/lib/smtp-connection/index.js:362:38)
    at connection.connect (/Users/fredrickadegoke/Documents/noldor-ah-backend/node_modules/nodemailer/lib/smtp-transport/index.js:270:32)
    at SMTPConnection.once (/Users/fredrickadegoke/Documents/noldor-ah-backend/node_modules/nodemailer/lib/smtp-connection/index.js:188:17)
    at Object.onceWrapper (events.js:313:30)
    at emitNone (events.js:106:13)
    at SMTPConnection.emit (events.js:208:7)
    at SMTPConnection._actionEHLO (/Users/fredrickadegoke/Documents/noldor-ah-backend/node_modules/nodemailer/lib/smtp-connection/index.js:1133:14)
    at SMTPConnection._processResponse (/Users/fredrickadegoke/Documents/noldor-ah-backend/node_modules/nodemailer/lib/smtp-connection/index.js:764:20)
    at SMTPConnection._onData (/Users/fredrickadegoke/Documents/noldor-ah-backend/node_modules/nodemailer/lib/smtp-connection/index.js:570:14)
    at TLSSocket._socket.on.chunk (/Users/fredrickadegoke/Documents/noldor-ah-backend/node_modules/nodemailer/lib/smtp-connection/index.js:522:47)
    at emitOne (events.js:116:13)
    at TLSSocket.emit (events.js:211:7)
    at addChunk (_stream_readable.js:263:12)
    at readableAddChunk (_stream_readable.js:250:11)
    at TLSSocket.Readable.push (_stream_readable.js:208:10)
    at TLSWrap.onread (net.js:601:20) code: 'EAUTH', command: 'API' }
[Thu Nov 22 2018 18:02:31 GMT+0100 (WAT)] : { Error: Missing credentials for "PLAIN"
    at SMTPConnection._formatError (/Users/fredrickadegoke/Documents/noldor-ah-backend/node_modules/nodemailer/lib/smtp-connection/index.js:605:19)
    at SMTPConnection.login (/Users/fredrickadegoke/Documents/noldor-ah-backend/node_modules/nodemailer/lib/smtp-connection/index.js:362:38)
    at connection.connect (/Users/fredrickadegoke/Documents/noldor-ah-backend/node_modules/nodemailer/lib/smtp-transport/index.js:270:32)
    at SMTPConnection.once (/Users/fredrickadegoke/Documents/noldor-ah-backend/node_modules/nodemailer/lib/smtp-connection/index.js:188:17)
    at Object.onceWrapper (events.js:313:30)
    at emitNone (events.js:106:13)
    at SMTPConnection.emit (events.js:208:7)
    at SMTPConnection._actionEHLO (/Users/fredrickadegoke/Documents/noldor-ah-backend/node_modules/nodemailer/lib/smtp-connection/index.js:1133:14)
    at SMTPConnection._processResponse (/Users/fredrickadegoke/Documents/noldor-ah-backend/node_modules/nodemailer/lib/smtp-connection/index.js:764:20)
    at SMTPConnection._onData (/Users/fredrickadegoke/Documents/noldor-ah-backend/node_modules/nodemailer/lib/smtp-connection/index.js:570:14)
    at TLSSocket._socket.on.chunk (/Users/fredrickadegoke/Documents/noldor-ah-backend/node_modules/nodemailer/lib/smtp-connection/index.js:522:47)
    at emitOne (events.js:116:13)
    at TLSSocket.emit (events.js:211:7)
    at addChunk (_stream_readable.js:263:12)
    at readableAddChunk (_stream_readable.js:250:11)
    at TLSSocket.Readable.push (_stream_readable.js:208:10)
    at TLSWrap.onread (net.js:601:20) code: 'EAUTH', command: 'API' }
[Thu Nov 22 2018 18:02:31 GMT+0100 (WAT)] : { Error: Missing credentials for "PLAIN"
    at SMTPConnection._formatError (/Users/fredrickadegoke/Documents/noldor-ah-backend/node_modules/nodemailer/lib/smtp-connection/index.js:605:19)
    at SMTPConnection.login (/Users/fredrickadegoke/Documents/noldor-ah-backend/node_modules/nodemailer/lib/smtp-connection/index.js:362:38)
    at connection.connect (/Users/fredrickadegoke/Documents/noldor-ah-backend/node_modules/nodemailer/lib/smtp-transport/index.js:270:32)
    at SMTPConnection.once (/Users/fredrickadegoke/Documents/noldor-ah-backend/node_modules/nodemailer/lib/smtp-connection/index.js:188:17)
    at Object.onceWrapper (events.js:313:30)
    at emitNone (events.js:106:13)
    at SMTPConnection.emit (events.js:208:7)
    at SMTPConnection._actionEHLO (/Users/fredrickadegoke/Documents/noldor-ah-backend/node_modules/nodemailer/lib/smtp-connection/index.js:1133:14)
    at SMTPConnection._processResponse (/Users/fredrickadegoke/Documents/noldor-ah-backend/node_modules/nodemailer/lib/smtp-connection/index.js:764:20)
    at SMTPConnection._onData (/Users/fredrickadegoke/Documents/noldor-ah-backend/node_modules/nodemailer/lib/smtp-connection/index.js:570:14)
    at TLSSocket._socket.on.chunk (/Users/fredrickadegoke/Documents/noldor-ah-backend/node_modules/nodemailer/lib/smtp-connection/index.js:522:47)
    at emitOne (events.js:116:13)
    at TLSSocket.emit (events.js:211:7)
    at addChunk (_stream_readable.js:263:12)
    at readableAddChunk (_stream_readable.js:250:11)
    at TLSSocket.Readable.push (_stream_readable.js:208:10)
    at TLSWrap.onread (net.js:601:20) code: 'EAUTH', command: 'API' }
[Thu Nov 22 2018 18:02:32 GMT+0100 (WAT)] : { Error: Missing credentials for "PLAIN"
    at SMTPConnection._formatError (/Users/fredrickadegoke/Documents/noldor-ah-backend/node_modules/nodemailer/lib/smtp-connection/index.js:605:19)
    at SMTPConnection.login (/Users/fredrickadegoke/Documents/noldor-ah-backend/node_modules/nodemailer/lib/smtp-connection/index.js:362:38)
    at connection.connect (/Users/fredrickadegoke/Documents/noldor-ah-backend/node_modules/nodemailer/lib/smtp-transport/index.js:270:32)
    at SMTPConnection.once (/Users/fredrickadegoke/Documents/noldor-ah-backend/node_modules/nodemailer/lib/smtp-connection/index.js:188:17)
    at Object.onceWrapper (events.js:313:30)
    at emitNone (events.js:106:13)
    at SMTPConnection.emit (events.js:208:7)
    at SMTPConnection._actionEHLO (/Users/fredrickadegoke/Documents/noldor-ah-backend/node_modules/nodemailer/lib/smtp-connection/index.js:1133:14)
    at SMTPConnection._processResponse (/Users/fredrickadegoke/Documents/noldor-ah-backend/node_modules/nodemailer/lib/smtp-connection/index.js:764:20)
    at SMTPConnection._onData (/Users/fredrickadegoke/Documents/noldor-ah-backend/node_modules/nodemailer/lib/smtp-connection/index.js:570:14)
    at TLSSocket._socket.on.chunk (/Users/fredrickadegoke/Documents/noldor-ah-backend/node_modules/nodemailer/lib/smtp-connection/index.js:522:47)
    at emitOne (events.js:116:13)
    at TLSSocket.emit (events.js:211:7)
    at addChunk (_stream_readable.js:263:12)
    at readableAddChunk (_stream_readable.js:250:11)
    at TLSSocket.Readable.push (_stream_readable.js:208:10)
    at TLSWrap.onread (net.js:601:20) code: 'EAUTH', command: 'API' }
[Thu Nov 22 2018 18:02:32 GMT+0100 (WAT)] : { Error: Missing credentials for "PLAIN"
    at SMTPConnection._formatError (/Users/fredrickadegoke/Documents/noldor-ah-backend/node_modules/nodemailer/lib/smtp-connection/index.js:605:19)
    at SMTPConnection.login (/Users/fredrickadegoke/Documents/noldor-ah-backend/node_modules/nodemailer/lib/smtp-connection/index.js:362:38)
    at connection.connect (/Users/fredrickadegoke/Documents/noldor-ah-backend/node_modules/nodemailer/lib/smtp-transport/index.js:270:32)
    at SMTPConnection.once (/Users/fredrickadegoke/Documents/noldor-ah-backend/node_modules/nodemailer/lib/smtp-connection/index.js:188:17)
    at Object.onceWrapper (events.js:313:30)
    at emitNone (events.js:106:13)
    at SMTPConnection.emit (events.js:208:7)
    at SMTPConnection._actionEHLO (/Users/fredrickadegoke/Documents/noldor-ah-backend/node_modules/nodemailer/lib/smtp-connection/index.js:1133:14)
    at SMTPConnection._processResponse (/Users/fredrickadegoke/Documents/noldor-ah-backend/node_modules/nodemailer/lib/smtp-connection/index.js:764:20)
    at SMTPConnection._onData (/Users/fredrickadegoke/Documents/noldor-ah-backend/node_modules/nodemailer/lib/smtp-connection/index.js:570:14)
    at TLSSocket._socket.on.chunk (/Users/fredrickadegoke/Documents/noldor-ah-backend/node_modules/nodemailer/lib/smtp-connection/index.js:522:47)
    at emitOne (events.js:116:13)
    at TLSSocket.emit (events.js:211:7)
    at addChunk (_stream_readable.js:263:12)
    at readableAddChunk (_stream_readable.js:250:11)
    at TLSSocket.Readable.push (_stream_readable.js:208:10)
    at TLSWrap.onread (net.js:601:20) code: 'EAUTH', command: 'API' }
[Thu Nov 22 2018 18:02:32 GMT+0100 (WAT)] : { Error: Missing credentials for "PLAIN"
    at SMTPConnection._formatError (/Users/fredrickadegoke/Documents/noldor-ah-backend/node_modules/nodemailer/lib/smtp-connection/index.js:605:19)
    at SMTPConnection.login (/Users/fredrickadegoke/Documents/noldor-ah-backend/node_modules/nodemailer/lib/smtp-connection/index.js:362:38)
    at connection.connect (/Users/fredrickadegoke/Documents/noldor-ah-backend/node_modules/nodemailer/lib/smtp-transport/index.js:270:32)
    at SMTPConnection.once (/Users/fredrickadegoke/Documents/noldor-ah-backend/node_modules/nodemailer/lib/smtp-connection/index.js:188:17)
    at Object.onceWrapper (events.js:313:30)
    at emitNone (events.js:106:13)
    at SMTPConnection.emit (events.js:208:7)
    at SMTPConnection._actionEHLO (/Users/fredrickadegoke/Documents/noldor-ah-backend/node_modules/nodemailer/lib/smtp-connection/index.js:1133:14)
    at SMTPConnection._processResponse (/Users/fredrickadegoke/Documents/noldor-ah-backend/node_modules/nodemailer/lib/smtp-connection/index.js:764:20)
    at SMTPConnection._onData (/Users/fredrickadegoke/Documents/noldor-ah-backend/node_modules/nodemailer/lib/smtp-connection/index.js:570:14)
    at TLSSocket._socket.on.chunk (/Users/fredrickadegoke/Documents/noldor-ah-backend/node_modules/nodemailer/lib/smtp-connection/index.js:522:47)
    at emitOne (events.js:116:13)
    at TLSSocket.emit (events.js:211:7)
    at addChunk (_stream_readable.js:263:12)
    at readableAddChunk (_stream_readable.js:250:11)
    at TLSSocket.Readable.push (_stream_readable.js:208:10)
    at TLSWrap.onread (net.js:601:20) code: 'EAUTH', command: 'API' }
[Thu Nov 22 2018 18:02:32 GMT+0100 (WAT)] : { Error: Missing credentials for "PLAIN"
    at SMTPConnection._formatError (/Users/fredrickadegoke/Documents/noldor-ah-backend/node_modules/nodemailer/lib/smtp-connection/index.js:605:19)
    at SMTPConnection.login (/Users/fredrickadegoke/Documents/noldor-ah-backend/node_modules/nodemailer/lib/smtp-connection/index.js:362:38)
    at connection.connect (/Users/fredrickadegoke/Documents/noldor-ah-backend/node_modules/nodemailer/lib/smtp-transport/index.js:270:32)
    at SMTPConnection.once (/Users/fredrickadegoke/Documents/noldor-ah-backend/node_modules/nodemailer/lib/smtp-connection/index.js:188:17)
    at Object.onceWrapper (events.js:313:30)
    at emitNone (events.js:106:13)
    at SMTPConnection.emit (events.js:208:7)
    at SMTPConnection._actionEHLO (/Users/fredrickadegoke/Documents/noldor-ah-backend/node_modules/nodemailer/lib/smtp-connection/index.js:1133:14)
    at SMTPConnection._processResponse (/Users/fredrickadegoke/Documents/noldor-ah-backend/node_modules/nodemailer/lib/smtp-connection/index.js:764:20)
    at SMTPConnection._onData (/Users/fredrickadegoke/Documents/noldor-ah-backend/node_modules/nodemailer/lib/smtp-connection/index.js:570:14)
    at TLSSocket._socket.on.chunk (/Users/fredrickadegoke/Documents/noldor-ah-backend/node_modules/nodemailer/lib/smtp-connection/index.js:522:47)
    at emitOne (events.js:116:13)
    at TLSSocket.emit (events.js:211:7)
    at addChunk (_stream_readable.js:263:12)
    at readableAddChunk (_stream_readable.js:250:11)
    at TLSSocket.Readable.push (_stream_readable.js:208:10)
    at TLSWrap.onread (net.js:601:20) code: 'EAUTH', command: 'API' }
[Thu Nov 22 2018 18:02:32 GMT+0100 (WAT)] : { Error: Missing credentials for "PLAIN"
    at SMTPConnection._formatError (/Users/fredrickadegoke/Documents/noldor-ah-backend/node_modules/nodemailer/lib/smtp-connection/index.js:605:19)
    at SMTPConnection.login (/Users/fredrickadegoke/Documents/noldor-ah-backend/node_modules/nodemailer/lib/smtp-connection/index.js:362:38)
    at connection.connect (/Users/fredrickadegoke/Documents/noldor-ah-backend/node_modules/nodemailer/lib/smtp-transport/index.js:270:32)
    at SMTPConnection.once (/Users/fredrickadegoke/Documents/noldor-ah-backend/node_modules/nodemailer/lib/smtp-connection/index.js:188:17)
    at Object.onceWrapper (events.js:313:30)
    at emitNone (events.js:106:13)
    at SMTPConnection.emit (events.js:208:7)
    at SMTPConnection._actionEHLO (/Users/fredrickadegoke/Documents/noldor-ah-backend/node_modules/nodemailer/lib/smtp-connection/index.js:1133:14)
    at SMTPConnection._processResponse (/Users/fredrickadegoke/Documents/noldor-ah-backend/node_modules/nodemailer/lib/smtp-connection/index.js:764:20)
    at SMTPConnection._onData (/Users/fredrickadegoke/Documents/noldor-ah-backend/node_modules/nodemailer/lib/smtp-connection/index.js:570:14)
    at TLSSocket._socket.on.chunk (/Users/fredrickadegoke/Documents/noldor-ah-backend/node_modules/nodemailer/lib/smtp-connection/index.js:522:47)
    at emitOne (events.js:116:13)
    at TLSSocket.emit (events.js:211:7)
    at addChunk (_stream_readable.js:263:12)
    at readableAddChunk (_stream_readable.js:250:11)
    at TLSSocket.Readable.push (_stream_readable.js:208:10)
    at TLSWrap.onread (net.js:601:20) code: 'EAUTH', command: 'API' }
[Thu Nov 22 2018 18:02:32 GMT+0100 (WAT)] : 'This is just an error logger test'
[Thu Nov 22 2018 18:02:32 GMT+0100 (WAT)] : { Error: getaddrinfo ENOTFOUND smtp.gmail.com smtp.gmail.com:465
    at GetAddrInfoReqWrap.onlookup [as oncomplete] (dns.js:67:26)
  errno: 'ENOTFOUND',
  code: 'ECONNECTION',
  syscall: 'getaddrinfo',
  hostname: 'smtp.gmail.com',
  host: 'smtp.gmail.com',
  port: 465,
  command: 'CONN' }
[Thu Nov 22 2018 18:02:32 GMT+0100 (WAT)] : 'This is just an error logger test'
[Thu Nov 22 2018 18:02:32 GMT+0100 (WAT)] : 'This is just an error logger test'
[Thu Nov 22 2018 18:02:32 GMT+0100 (WAT)] : { Error: Missing credentials for "PLAIN"
    at SMTPConnection._formatError (/Users/fredrickadegoke/Documents/noldor-ah-backend/node_modules/nodemailer/lib/smtp-connection/index.js:605:19)
    at SMTPConnection.login (/Users/fredrickadegoke/Documents/noldor-ah-backend/node_modules/nodemailer/lib/smtp-connection/index.js:362:38)
    at connection.connect (/Users/fredrickadegoke/Documents/noldor-ah-backend/node_modules/nodemailer/lib/smtp-transport/index.js:270:32)
    at SMTPConnection.once (/Users/fredrickadegoke/Documents/noldor-ah-backend/node_modules/nodemailer/lib/smtp-connection/index.js:188:17)
    at Object.onceWrapper (events.js:313:30)
    at emitNone (events.js:106:13)
    at SMTPConnection.emit (events.js:208:7)
    at SMTPConnection._actionEHLO (/Users/fredrickadegoke/Documents/noldor-ah-backend/node_modules/nodemailer/lib/smtp-connection/index.js:1133:14)
    at SMTPConnection._processResponse (/Users/fredrickadegoke/Documents/noldor-ah-backend/node_modules/nodemailer/lib/smtp-connection/index.js:764:20)
    at SMTPConnection._onData (/Users/fredrickadegoke/Documents/noldor-ah-backend/node_modules/nodemailer/lib/smtp-connection/index.js:570:14)
    at TLSSocket._socket.on.chunk (/Users/fredrickadegoke/Documents/noldor-ah-backend/node_modules/nodemailer/lib/smtp-connection/index.js:522:47)
    at emitOne (events.js:116:13)
    at TLSSocket.emit (events.js:211:7)
    at addChunk (_stream_readable.js:263:12)
    at readableAddChunk (_stream_readable.js:250:11)
    at TLSSocket.Readable.push (_stream_readable.js:208:10)
    at TLSWrap.onread (net.js:601:20) code: 'EAUTH', command: 'API' }
[Thu Nov 22 2018 18:03:54 GMT+0100 (WAT)] : { Error: Missing credentials for "PLAIN"
    at SMTPConnection._formatError (/Users/fredrickadegoke/Documents/noldor-ah-backend/node_modules/nodemailer/lib/smtp-connection/index.js:605:19)
    at SMTPConnection.login (/Users/fredrickadegoke/Documents/noldor-ah-backend/node_modules/nodemailer/lib/smtp-connection/index.js:362:38)
    at connection.connect (/Users/fredrickadegoke/Documents/noldor-ah-backend/node_modules/nodemailer/lib/smtp-transport/index.js:270:32)
    at SMTPConnection.once (/Users/fredrickadegoke/Documents/noldor-ah-backend/node_modules/nodemailer/lib/smtp-connection/index.js:188:17)
    at Object.onceWrapper (events.js:313:30)
    at emitNone (events.js:106:13)
    at SMTPConnection.emit (events.js:208:7)
    at SMTPConnection._actionEHLO (/Users/fredrickadegoke/Documents/noldor-ah-backend/node_modules/nodemailer/lib/smtp-connection/index.js:1133:14)
    at SMTPConnection._processResponse (/Users/fredrickadegoke/Documents/noldor-ah-backend/node_modules/nodemailer/lib/smtp-connection/index.js:764:20)
    at SMTPConnection._onData (/Users/fredrickadegoke/Documents/noldor-ah-backend/node_modules/nodemailer/lib/smtp-connection/index.js:570:14)
    at TLSSocket._socket.on.chunk (/Users/fredrickadegoke/Documents/noldor-ah-backend/node_modules/nodemailer/lib/smtp-connection/index.js:522:47)
    at emitOne (events.js:116:13)
    at TLSSocket.emit (events.js:211:7)
    at addChunk (_stream_readable.js:263:12)
    at readableAddChunk (_stream_readable.js:250:11)
    at TLSSocket.Readable.push (_stream_readable.js:208:10)
    at TLSWrap.onread (net.js:601:20) code: 'EAUTH', command: 'API' }
[Thu Nov 22 2018 18:03:54 GMT+0100 (WAT)] : { Error: Missing credentials for "PLAIN"
    at SMTPConnection._formatError (/Users/fredrickadegoke/Documents/noldor-ah-backend/node_modules/nodemailer/lib/smtp-connection/index.js:605:19)
    at SMTPConnection.login (/Users/fredrickadegoke/Documents/noldor-ah-backend/node_modules/nodemailer/lib/smtp-connection/index.js:362:38)
    at connection.connect (/Users/fredrickadegoke/Documents/noldor-ah-backend/node_modules/nodemailer/lib/smtp-transport/index.js:270:32)
    at SMTPConnection.once (/Users/fredrickadegoke/Documents/noldor-ah-backend/node_modules/nodemailer/lib/smtp-connection/index.js:188:17)
    at Object.onceWrapper (events.js:313:30)
    at emitNone (events.js:106:13)
    at SMTPConnection.emit (events.js:208:7)
    at SMTPConnection._actionEHLO (/Users/fredrickadegoke/Documents/noldor-ah-backend/node_modules/nodemailer/lib/smtp-connection/index.js:1133:14)
    at SMTPConnection._processResponse (/Users/fredrickadegoke/Documents/noldor-ah-backend/node_modules/nodemailer/lib/smtp-connection/index.js:764:20)
    at SMTPConnection._onData (/Users/fredrickadegoke/Documents/noldor-ah-backend/node_modules/nodemailer/lib/smtp-connection/index.js:570:14)
    at TLSSocket._socket.on.chunk (/Users/fredrickadegoke/Documents/noldor-ah-backend/node_modules/nodemailer/lib/smtp-connection/index.js:522:47)
    at emitOne (events.js:116:13)
    at TLSSocket.emit (events.js:211:7)
    at addChunk (_stream_readable.js:263:12)
    at readableAddChunk (_stream_readable.js:250:11)
    at TLSSocket.Readable.push (_stream_readable.js:208:10)
    at TLSWrap.onread (net.js:601:20) code: 'EAUTH', command: 'API' }
[Thu Nov 22 2018 18:03:54 GMT+0100 (WAT)] : { Error: Missing credentials for "PLAIN"
    at SMTPConnection._formatError (/Users/fredrickadegoke/Documents/noldor-ah-backend/node_modules/nodemailer/lib/smtp-connection/index.js:605:19)
    at SMTPConnection.login (/Users/fredrickadegoke/Documents/noldor-ah-backend/node_modules/nodemailer/lib/smtp-connection/index.js:362:38)
    at connection.connect (/Users/fredrickadegoke/Documents/noldor-ah-backend/node_modules/nodemailer/lib/smtp-transport/index.js:270:32)
    at SMTPConnection.once (/Users/fredrickadegoke/Documents/noldor-ah-backend/node_modules/nodemailer/lib/smtp-connection/index.js:188:17)
    at Object.onceWrapper (events.js:313:30)
    at emitNone (events.js:106:13)
    at SMTPConnection.emit (events.js:208:7)
    at SMTPConnection._actionEHLO (/Users/fredrickadegoke/Documents/noldor-ah-backend/node_modules/nodemailer/lib/smtp-connection/index.js:1133:14)
    at SMTPConnection._processResponse (/Users/fredrickadegoke/Documents/noldor-ah-backend/node_modules/nodemailer/lib/smtp-connection/index.js:764:20)
    at SMTPConnection._onData (/Users/fredrickadegoke/Documents/noldor-ah-backend/node_modules/nodemailer/lib/smtp-connection/index.js:570:14)
    at TLSSocket._socket.on.chunk (/Users/fredrickadegoke/Documents/noldor-ah-backend/node_modules/nodemailer/lib/smtp-connection/index.js:522:47)
    at emitOne (events.js:116:13)
    at TLSSocket.emit (events.js:211:7)
    at addChunk (_stream_readable.js:263:12)
    at readableAddChunk (_stream_readable.js:250:11)
    at TLSSocket.Readable.push (_stream_readable.js:208:10)
    at TLSWrap.onread (net.js:601:20) code: 'EAUTH', command: 'API' }
[Thu Nov 22 2018 18:03:54 GMT+0100 (WAT)] : { Error: Missing credentials for "PLAIN"
    at SMTPConnection._formatError (/Users/fredrickadegoke/Documents/noldor-ah-backend/node_modules/nodemailer/lib/smtp-connection/index.js:605:19)
    at SMTPConnection.login (/Users/fredrickadegoke/Documents/noldor-ah-backend/node_modules/nodemailer/lib/smtp-connection/index.js:362:38)
    at connection.connect (/Users/fredrickadegoke/Documents/noldor-ah-backend/node_modules/nodemailer/lib/smtp-transport/index.js:270:32)
    at SMTPConnection.once (/Users/fredrickadegoke/Documents/noldor-ah-backend/node_modules/nodemailer/lib/smtp-connection/index.js:188:17)
    at Object.onceWrapper (events.js:313:30)
    at emitNone (events.js:106:13)
    at SMTPConnection.emit (events.js:208:7)
    at SMTPConnection._actionEHLO (/Users/fredrickadegoke/Documents/noldor-ah-backend/node_modules/nodemailer/lib/smtp-connection/index.js:1133:14)
    at SMTPConnection._processResponse (/Users/fredrickadegoke/Documents/noldor-ah-backend/node_modules/nodemailer/lib/smtp-connection/index.js:764:20)
    at SMTPConnection._onData (/Users/fredrickadegoke/Documents/noldor-ah-backend/node_modules/nodemailer/lib/smtp-connection/index.js:570:14)
    at TLSSocket._socket.on.chunk (/Users/fredrickadegoke/Documents/noldor-ah-backend/node_modules/nodemailer/lib/smtp-connection/index.js:522:47)
    at emitOne (events.js:116:13)
    at TLSSocket.emit (events.js:211:7)
    at addChunk (_stream_readable.js:263:12)
    at readableAddChunk (_stream_readable.js:250:11)
    at TLSSocket.Readable.push (_stream_readable.js:208:10)
    at TLSWrap.onread (net.js:601:20) code: 'EAUTH', command: 'API' }
[Thu Nov 22 2018 18:03:54 GMT+0100 (WAT)] : { Error: Missing credentials for "PLAIN"
    at SMTPConnection._formatError (/Users/fredrickadegoke/Documents/noldor-ah-backend/node_modules/nodemailer/lib/smtp-connection/index.js:605:19)
    at SMTPConnection.login (/Users/fredrickadegoke/Documents/noldor-ah-backend/node_modules/nodemailer/lib/smtp-connection/index.js:362:38)
    at connection.connect (/Users/fredrickadegoke/Documents/noldor-ah-backend/node_modules/nodemailer/lib/smtp-transport/index.js:270:32)
    at SMTPConnection.once (/Users/fredrickadegoke/Documents/noldor-ah-backend/node_modules/nodemailer/lib/smtp-connection/index.js:188:17)
    at Object.onceWrapper (events.js:313:30)
    at emitNone (events.js:106:13)
    at SMTPConnection.emit (events.js:208:7)
    at SMTPConnection._actionEHLO (/Users/fredrickadegoke/Documents/noldor-ah-backend/node_modules/nodemailer/lib/smtp-connection/index.js:1133:14)
    at SMTPConnection._processResponse (/Users/fredrickadegoke/Documents/noldor-ah-backend/node_modules/nodemailer/lib/smtp-connection/index.js:764:20)
    at SMTPConnection._onData (/Users/fredrickadegoke/Documents/noldor-ah-backend/node_modules/nodemailer/lib/smtp-connection/index.js:570:14)
    at TLSSocket._socket.on.chunk (/Users/fredrickadegoke/Documents/noldor-ah-backend/node_modules/nodemailer/lib/smtp-connection/index.js:522:47)
    at emitOne (events.js:116:13)
    at TLSSocket.emit (events.js:211:7)
    at addChunk (_stream_readable.js:263:12)
    at readableAddChunk (_stream_readable.js:250:11)
    at TLSSocket.Readable.push (_stream_readable.js:208:10)
    at TLSWrap.onread (net.js:601:20) code: 'EAUTH', command: 'API' }
[Thu Nov 22 2018 18:03:55 GMT+0100 (WAT)] : { Error: Missing credentials for "PLAIN"
    at SMTPConnection._formatError (/Users/fredrickadegoke/Documents/noldor-ah-backend/node_modules/nodemailer/lib/smtp-connection/index.js:605:19)
    at SMTPConnection.login (/Users/fredrickadegoke/Documents/noldor-ah-backend/node_modules/nodemailer/lib/smtp-connection/index.js:362:38)
    at connection.connect (/Users/fredrickadegoke/Documents/noldor-ah-backend/node_modules/nodemailer/lib/smtp-transport/index.js:270:32)
    at SMTPConnection.once (/Users/fredrickadegoke/Documents/noldor-ah-backend/node_modules/nodemailer/lib/smtp-connection/index.js:188:17)
    at Object.onceWrapper (events.js:313:30)
    at emitNone (events.js:106:13)
    at SMTPConnection.emit (events.js:208:7)
    at SMTPConnection._actionEHLO (/Users/fredrickadegoke/Documents/noldor-ah-backend/node_modules/nodemailer/lib/smtp-connection/index.js:1133:14)
    at SMTPConnection._processResponse (/Users/fredrickadegoke/Documents/noldor-ah-backend/node_modules/nodemailer/lib/smtp-connection/index.js:764:20)
    at SMTPConnection._onData (/Users/fredrickadegoke/Documents/noldor-ah-backend/node_modules/nodemailer/lib/smtp-connection/index.js:570:14)
    at TLSSocket._socket.on.chunk (/Users/fredrickadegoke/Documents/noldor-ah-backend/node_modules/nodemailer/lib/smtp-connection/index.js:522:47)
    at emitOne (events.js:116:13)
    at TLSSocket.emit (events.js:211:7)
    at addChunk (_stream_readable.js:263:12)
    at readableAddChunk (_stream_readable.js:250:11)
    at TLSSocket.Readable.push (_stream_readable.js:208:10)
    at TLSWrap.onread (net.js:601:20) code: 'EAUTH', command: 'API' }
[Thu Nov 22 2018 18:03:55 GMT+0100 (WAT)] : { Error: Missing credentials for "PLAIN"
    at SMTPConnection._formatError (/Users/fredrickadegoke/Documents/noldor-ah-backend/node_modules/nodemailer/lib/smtp-connection/index.js:605:19)
    at SMTPConnection.login (/Users/fredrickadegoke/Documents/noldor-ah-backend/node_modules/nodemailer/lib/smtp-connection/index.js:362:38)
    at connection.connect (/Users/fredrickadegoke/Documents/noldor-ah-backend/node_modules/nodemailer/lib/smtp-transport/index.js:270:32)
    at SMTPConnection.once (/Users/fredrickadegoke/Documents/noldor-ah-backend/node_modules/nodemailer/lib/smtp-connection/index.js:188:17)
    at Object.onceWrapper (events.js:313:30)
    at emitNone (events.js:106:13)
    at SMTPConnection.emit (events.js:208:7)
    at SMTPConnection._actionEHLO (/Users/fredrickadegoke/Documents/noldor-ah-backend/node_modules/nodemailer/lib/smtp-connection/index.js:1133:14)
    at SMTPConnection._processResponse (/Users/fredrickadegoke/Documents/noldor-ah-backend/node_modules/nodemailer/lib/smtp-connection/index.js:764:20)
    at SMTPConnection._onData (/Users/fredrickadegoke/Documents/noldor-ah-backend/node_modules/nodemailer/lib/smtp-connection/index.js:570:14)
    at TLSSocket._socket.on.chunk (/Users/fredrickadegoke/Documents/noldor-ah-backend/node_modules/nodemailer/lib/smtp-connection/index.js:522:47)
    at emitOne (events.js:116:13)
    at TLSSocket.emit (events.js:211:7)
    at addChunk (_stream_readable.js:263:12)
    at readableAddChunk (_stream_readable.js:250:11)
    at TLSSocket.Readable.push (_stream_readable.js:208:10)
    at TLSWrap.onread (net.js:601:20) code: 'EAUTH', command: 'API' }
[Thu Nov 22 2018 18:03:55 GMT+0100 (WAT)] : { Error: Missing credentials for "PLAIN"
    at SMTPConnection._formatError (/Users/fredrickadegoke/Documents/noldor-ah-backend/node_modules/nodemailer/lib/smtp-connection/index.js:605:19)
    at SMTPConnection.login (/Users/fredrickadegoke/Documents/noldor-ah-backend/node_modules/nodemailer/lib/smtp-connection/index.js:362:38)
    at connection.connect (/Users/fredrickadegoke/Documents/noldor-ah-backend/node_modules/nodemailer/lib/smtp-transport/index.js:270:32)
    at SMTPConnection.once (/Users/fredrickadegoke/Documents/noldor-ah-backend/node_modules/nodemailer/lib/smtp-connection/index.js:188:17)
    at Object.onceWrapper (events.js:313:30)
    at emitNone (events.js:106:13)
    at SMTPConnection.emit (events.js:208:7)
    at SMTPConnection._actionEHLO (/Users/fredrickadegoke/Documents/noldor-ah-backend/node_modules/nodemailer/lib/smtp-connection/index.js:1133:14)
    at SMTPConnection._processResponse (/Users/fredrickadegoke/Documents/noldor-ah-backend/node_modules/nodemailer/lib/smtp-connection/index.js:764:20)
    at SMTPConnection._onData (/Users/fredrickadegoke/Documents/noldor-ah-backend/node_modules/nodemailer/lib/smtp-connection/index.js:570:14)
    at TLSSocket._socket.on.chunk (/Users/fredrickadegoke/Documents/noldor-ah-backend/node_modules/nodemailer/lib/smtp-connection/index.js:522:47)
    at emitOne (events.js:116:13)
    at TLSSocket.emit (events.js:211:7)
    at addChunk (_stream_readable.js:263:12)
    at readableAddChunk (_stream_readable.js:250:11)
    at TLSSocket.Readable.push (_stream_readable.js:208:10)
    at TLSWrap.onread (net.js:601:20) code: 'EAUTH', command: 'API' }
[Thu Nov 22 2018 18:03:56 GMT+0100 (WAT)] : { Error: Missing credentials for "PLAIN"
    at SMTPConnection._formatError (/Users/fredrickadegoke/Documents/noldor-ah-backend/node_modules/nodemailer/lib/smtp-connection/index.js:605:19)
    at SMTPConnection.login (/Users/fredrickadegoke/Documents/noldor-ah-backend/node_modules/nodemailer/lib/smtp-connection/index.js:362:38)
    at connection.connect (/Users/fredrickadegoke/Documents/noldor-ah-backend/node_modules/nodemailer/lib/smtp-transport/index.js:270:32)
    at SMTPConnection.once (/Users/fredrickadegoke/Documents/noldor-ah-backend/node_modules/nodemailer/lib/smtp-connection/index.js:188:17)
    at Object.onceWrapper (events.js:313:30)
    at emitNone (events.js:106:13)
    at SMTPConnection.emit (events.js:208:7)
    at SMTPConnection._actionEHLO (/Users/fredrickadegoke/Documents/noldor-ah-backend/node_modules/nodemailer/lib/smtp-connection/index.js:1133:14)
    at SMTPConnection._processResponse (/Users/fredrickadegoke/Documents/noldor-ah-backend/node_modules/nodemailer/lib/smtp-connection/index.js:764:20)
    at SMTPConnection._onData (/Users/fredrickadegoke/Documents/noldor-ah-backend/node_modules/nodemailer/lib/smtp-connection/index.js:570:14)
    at TLSSocket._socket.on.chunk (/Users/fredrickadegoke/Documents/noldor-ah-backend/node_modules/nodemailer/lib/smtp-connection/index.js:522:47)
    at emitOne (events.js:116:13)
    at TLSSocket.emit (events.js:211:7)
    at addChunk (_stream_readable.js:263:12)
    at readableAddChunk (_stream_readable.js:250:11)
    at TLSSocket.Readable.push (_stream_readable.js:208:10)
    at TLSWrap.onread (net.js:601:20) code: 'EAUTH', command: 'API' }
[Thu Nov 22 2018 18:03:56 GMT+0100 (WAT)] : { Error: Missing credentials for "PLAIN"
    at SMTPConnection._formatError (/Users/fredrickadegoke/Documents/noldor-ah-backend/node_modules/nodemailer/lib/smtp-connection/index.js:605:19)
    at SMTPConnection.login (/Users/fredrickadegoke/Documents/noldor-ah-backend/node_modules/nodemailer/lib/smtp-connection/index.js:362:38)
    at connection.connect (/Users/fredrickadegoke/Documents/noldor-ah-backend/node_modules/nodemailer/lib/smtp-transport/index.js:270:32)
    at SMTPConnection.once (/Users/fredrickadegoke/Documents/noldor-ah-backend/node_modules/nodemailer/lib/smtp-connection/index.js:188:17)
    at Object.onceWrapper (events.js:313:30)
    at emitNone (events.js:106:13)
    at SMTPConnection.emit (events.js:208:7)
    at SMTPConnection._actionEHLO (/Users/fredrickadegoke/Documents/noldor-ah-backend/node_modules/nodemailer/lib/smtp-connection/index.js:1133:14)
    at SMTPConnection._processResponse (/Users/fredrickadegoke/Documents/noldor-ah-backend/node_modules/nodemailer/lib/smtp-connection/index.js:764:20)
    at SMTPConnection._onData (/Users/fredrickadegoke/Documents/noldor-ah-backend/node_modules/nodemailer/lib/smtp-connection/index.js:570:14)
    at TLSSocket._socket.on.chunk (/Users/fredrickadegoke/Documents/noldor-ah-backend/node_modules/nodemailer/lib/smtp-connection/index.js:522:47)
    at emitOne (events.js:116:13)
    at TLSSocket.emit (events.js:211:7)
    at addChunk (_stream_readable.js:263:12)
    at readableAddChunk (_stream_readable.js:250:11)
    at TLSSocket.Readable.push (_stream_readable.js:208:10)
    at TLSWrap.onread (net.js:601:20) code: 'EAUTH', command: 'API' }
[Thu Nov 22 2018 18:03:56 GMT+0100 (WAT)] : { Error: Missing credentials for "PLAIN"
    at SMTPConnection._formatError (/Users/fredrickadegoke/Documents/noldor-ah-backend/node_modules/nodemailer/lib/smtp-connection/index.js:605:19)
    at SMTPConnection.login (/Users/fredrickadegoke/Documents/noldor-ah-backend/node_modules/nodemailer/lib/smtp-connection/index.js:362:38)
    at connection.connect (/Users/fredrickadegoke/Documents/noldor-ah-backend/node_modules/nodemailer/lib/smtp-transport/index.js:270:32)
    at SMTPConnection.once (/Users/fredrickadegoke/Documents/noldor-ah-backend/node_modules/nodemailer/lib/smtp-connection/index.js:188:17)
    at Object.onceWrapper (events.js:313:30)
    at emitNone (events.js:106:13)
    at SMTPConnection.emit (events.js:208:7)
    at SMTPConnection._actionEHLO (/Users/fredrickadegoke/Documents/noldor-ah-backend/node_modules/nodemailer/lib/smtp-connection/index.js:1133:14)
    at SMTPConnection._processResponse (/Users/fredrickadegoke/Documents/noldor-ah-backend/node_modules/nodemailer/lib/smtp-connection/index.js:764:20)
    at SMTPConnection._onData (/Users/fredrickadegoke/Documents/noldor-ah-backend/node_modules/nodemailer/lib/smtp-connection/index.js:570:14)
    at TLSSocket._socket.on.chunk (/Users/fredrickadegoke/Documents/noldor-ah-backend/node_modules/nodemailer/lib/smtp-connection/index.js:522:47)
    at emitOne (events.js:116:13)
    at TLSSocket.emit (events.js:211:7)
    at addChunk (_stream_readable.js:263:12)
    at readableAddChunk (_stream_readable.js:250:11)
    at TLSSocket.Readable.push (_stream_readable.js:208:10)
    at TLSWrap.onread (net.js:601:20) code: 'EAUTH', command: 'API' }
[Thu Nov 22 2018 18:03:56 GMT+0100 (WAT)] : { Error: Missing credentials for "PLAIN"
    at SMTPConnection._formatError (/Users/fredrickadegoke/Documents/noldor-ah-backend/node_modules/nodemailer/lib/smtp-connection/index.js:605:19)
    at SMTPConnection.login (/Users/fredrickadegoke/Documents/noldor-ah-backend/node_modules/nodemailer/lib/smtp-connection/index.js:362:38)
    at connection.connect (/Users/fredrickadegoke/Documents/noldor-ah-backend/node_modules/nodemailer/lib/smtp-transport/index.js:270:32)
    at SMTPConnection.once (/Users/fredrickadegoke/Documents/noldor-ah-backend/node_modules/nodemailer/lib/smtp-connection/index.js:188:17)
    at Object.onceWrapper (events.js:313:30)
    at emitNone (events.js:106:13)
    at SMTPConnection.emit (events.js:208:7)
    at SMTPConnection._actionEHLO (/Users/fredrickadegoke/Documents/noldor-ah-backend/node_modules/nodemailer/lib/smtp-connection/index.js:1133:14)
    at SMTPConnection._processResponse (/Users/fredrickadegoke/Documents/noldor-ah-backend/node_modules/nodemailer/lib/smtp-connection/index.js:764:20)
    at SMTPConnection._onData (/Users/fredrickadegoke/Documents/noldor-ah-backend/node_modules/nodemailer/lib/smtp-connection/index.js:570:14)
    at TLSSocket._socket.on.chunk (/Users/fredrickadegoke/Documents/noldor-ah-backend/node_modules/nodemailer/lib/smtp-connection/index.js:522:47)
    at emitOne (events.js:116:13)
    at TLSSocket.emit (events.js:211:7)
    at addChunk (_stream_readable.js:263:12)
    at readableAddChunk (_stream_readable.js:250:11)
    at TLSSocket.Readable.push (_stream_readable.js:208:10)
    at TLSWrap.onread (net.js:601:20) code: 'EAUTH', command: 'API' }
[Thu Nov 22 2018 18:03:56 GMT+0100 (WAT)] : { Error: Missing credentials for "PLAIN"
    at SMTPConnection._formatError (/Users/fredrickadegoke/Documents/noldor-ah-backend/node_modules/nodemailer/lib/smtp-connection/index.js:605:19)
    at SMTPConnection.login (/Users/fredrickadegoke/Documents/noldor-ah-backend/node_modules/nodemailer/lib/smtp-connection/index.js:362:38)
    at connection.connect (/Users/fredrickadegoke/Documents/noldor-ah-backend/node_modules/nodemailer/lib/smtp-transport/index.js:270:32)
    at SMTPConnection.once (/Users/fredrickadegoke/Documents/noldor-ah-backend/node_modules/nodemailer/lib/smtp-connection/index.js:188:17)
    at Object.onceWrapper (events.js:313:30)
    at emitNone (events.js:106:13)
    at SMTPConnection.emit (events.js:208:7)
    at SMTPConnection._actionEHLO (/Users/fredrickadegoke/Documents/noldor-ah-backend/node_modules/nodemailer/lib/smtp-connection/index.js:1133:14)
    at SMTPConnection._processResponse (/Users/fredrickadegoke/Documents/noldor-ah-backend/node_modules/nodemailer/lib/smtp-connection/index.js:764:20)
    at SMTPConnection._onData (/Users/fredrickadegoke/Documents/noldor-ah-backend/node_modules/nodemailer/lib/smtp-connection/index.js:570:14)
    at TLSSocket._socket.on.chunk (/Users/fredrickadegoke/Documents/noldor-ah-backend/node_modules/nodemailer/lib/smtp-connection/index.js:522:47)
    at emitOne (events.js:116:13)
    at TLSSocket.emit (events.js:211:7)
    at addChunk (_stream_readable.js:263:12)
    at readableAddChunk (_stream_readable.js:250:11)
    at TLSSocket.Readable.push (_stream_readable.js:208:10)
    at TLSWrap.onread (net.js:601:20) code: 'EAUTH', command: 'API' }
[Thu Nov 22 2018 18:03:56 GMT+0100 (WAT)] : { Error: Missing credentials for "PLAIN"
    at SMTPConnection._formatError (/Users/fredrickadegoke/Documents/noldor-ah-backend/node_modules/nodemailer/lib/smtp-connection/index.js:605:19)
    at SMTPConnection.login (/Users/fredrickadegoke/Documents/noldor-ah-backend/node_modules/nodemailer/lib/smtp-connection/index.js:362:38)
    at connection.connect (/Users/fredrickadegoke/Documents/noldor-ah-backend/node_modules/nodemailer/lib/smtp-transport/index.js:270:32)
    at SMTPConnection.once (/Users/fredrickadegoke/Documents/noldor-ah-backend/node_modules/nodemailer/lib/smtp-connection/index.js:188:17)
    at Object.onceWrapper (events.js:313:30)
    at emitNone (events.js:106:13)
    at SMTPConnection.emit (events.js:208:7)
    at SMTPConnection._actionEHLO (/Users/fredrickadegoke/Documents/noldor-ah-backend/node_modules/nodemailer/lib/smtp-connection/index.js:1133:14)
    at SMTPConnection._processResponse (/Users/fredrickadegoke/Documents/noldor-ah-backend/node_modules/nodemailer/lib/smtp-connection/index.js:764:20)
    at SMTPConnection._onData (/Users/fredrickadegoke/Documents/noldor-ah-backend/node_modules/nodemailer/lib/smtp-connection/index.js:570:14)
    at TLSSocket._socket.on.chunk (/Users/fredrickadegoke/Documents/noldor-ah-backend/node_modules/nodemailer/lib/smtp-connection/index.js:522:47)
    at emitOne (events.js:116:13)
    at TLSSocket.emit (events.js:211:7)
    at addChunk (_stream_readable.js:263:12)
    at readableAddChunk (_stream_readable.js:250:11)
    at TLSSocket.Readable.push (_stream_readable.js:208:10)
    at TLSWrap.onread (net.js:601:20) code: 'EAUTH', command: 'API' }
[Thu Nov 22 2018 18:03:56 GMT+0100 (WAT)] : { Error: Missing credentials for "PLAIN"
    at SMTPConnection._formatError (/Users/fredrickadegoke/Documents/noldor-ah-backend/node_modules/nodemailer/lib/smtp-connection/index.js:605:19)
    at SMTPConnection.login (/Users/fredrickadegoke/Documents/noldor-ah-backend/node_modules/nodemailer/lib/smtp-connection/index.js:362:38)
    at connection.connect (/Users/fredrickadegoke/Documents/noldor-ah-backend/node_modules/nodemailer/lib/smtp-transport/index.js:270:32)
    at SMTPConnection.once (/Users/fredrickadegoke/Documents/noldor-ah-backend/node_modules/nodemailer/lib/smtp-connection/index.js:188:17)
    at Object.onceWrapper (events.js:313:30)
    at emitNone (events.js:106:13)
    at SMTPConnection.emit (events.js:208:7)
    at SMTPConnection._actionEHLO (/Users/fredrickadegoke/Documents/noldor-ah-backend/node_modules/nodemailer/lib/smtp-connection/index.js:1133:14)
    at SMTPConnection._processResponse (/Users/fredrickadegoke/Documents/noldor-ah-backend/node_modules/nodemailer/lib/smtp-connection/index.js:764:20)
    at SMTPConnection._onData (/Users/fredrickadegoke/Documents/noldor-ah-backend/node_modules/nodemailer/lib/smtp-connection/index.js:570:14)
    at TLSSocket._socket.on.chunk (/Users/fredrickadegoke/Documents/noldor-ah-backend/node_modules/nodemailer/lib/smtp-connection/index.js:522:47)
    at emitOne (events.js:116:13)
    at TLSSocket.emit (events.js:211:7)
    at addChunk (_stream_readable.js:263:12)
    at readableAddChunk (_stream_readable.js:250:11)
    at TLSSocket.Readable.push (_stream_readable.js:208:10)
    at TLSWrap.onread (net.js:601:20) code: 'EAUTH', command: 'API' }
[Thu Nov 22 2018 18:03:57 GMT+0100 (WAT)] : { Error: Missing credentials for "PLAIN"
    at SMTPConnection._formatError (/Users/fredrickadegoke/Documents/noldor-ah-backend/node_modules/nodemailer/lib/smtp-connection/index.js:605:19)
    at SMTPConnection.login (/Users/fredrickadegoke/Documents/noldor-ah-backend/node_modules/nodemailer/lib/smtp-connection/index.js:362:38)
    at connection.connect (/Users/fredrickadegoke/Documents/noldor-ah-backend/node_modules/nodemailer/lib/smtp-transport/index.js:270:32)
    at SMTPConnection.once (/Users/fredrickadegoke/Documents/noldor-ah-backend/node_modules/nodemailer/lib/smtp-connection/index.js:188:17)
    at Object.onceWrapper (events.js:313:30)
    at emitNone (events.js:106:13)
    at SMTPConnection.emit (events.js:208:7)
    at SMTPConnection._actionEHLO (/Users/fredrickadegoke/Documents/noldor-ah-backend/node_modules/nodemailer/lib/smtp-connection/index.js:1133:14)
    at SMTPConnection._processResponse (/Users/fredrickadegoke/Documents/noldor-ah-backend/node_modules/nodemailer/lib/smtp-connection/index.js:764:20)
    at SMTPConnection._onData (/Users/fredrickadegoke/Documents/noldor-ah-backend/node_modules/nodemailer/lib/smtp-connection/index.js:570:14)
    at TLSSocket._socket.on.chunk (/Users/fredrickadegoke/Documents/noldor-ah-backend/node_modules/nodemailer/lib/smtp-connection/index.js:522:47)
    at emitOne (events.js:116:13)
    at TLSSocket.emit (events.js:211:7)
    at addChunk (_stream_readable.js:263:12)
    at readableAddChunk (_stream_readable.js:250:11)
    at TLSSocket.Readable.push (_stream_readable.js:208:10)
    at TLSWrap.onread (net.js:601:20) code: 'EAUTH', command: 'API' }
[Thu Nov 22 2018 18:03:57 GMT+0100 (WAT)] : { Error: Missing credentials for "PLAIN"
    at SMTPConnection._formatError (/Users/fredrickadegoke/Documents/noldor-ah-backend/node_modules/nodemailer/lib/smtp-connection/index.js:605:19)
    at SMTPConnection.login (/Users/fredrickadegoke/Documents/noldor-ah-backend/node_modules/nodemailer/lib/smtp-connection/index.js:362:38)
    at connection.connect (/Users/fredrickadegoke/Documents/noldor-ah-backend/node_modules/nodemailer/lib/smtp-transport/index.js:270:32)
    at SMTPConnection.once (/Users/fredrickadegoke/Documents/noldor-ah-backend/node_modules/nodemailer/lib/smtp-connection/index.js:188:17)
    at Object.onceWrapper (events.js:313:30)
    at emitNone (events.js:106:13)
    at SMTPConnection.emit (events.js:208:7)
    at SMTPConnection._actionEHLO (/Users/fredrickadegoke/Documents/noldor-ah-backend/node_modules/nodemailer/lib/smtp-connection/index.js:1133:14)
    at SMTPConnection._processResponse (/Users/fredrickadegoke/Documents/noldor-ah-backend/node_modules/nodemailer/lib/smtp-connection/index.js:764:20)
    at SMTPConnection._onData (/Users/fredrickadegoke/Documents/noldor-ah-backend/node_modules/nodemailer/lib/smtp-connection/index.js:570:14)
    at TLSSocket._socket.on.chunk (/Users/fredrickadegoke/Documents/noldor-ah-backend/node_modules/nodemailer/lib/smtp-connection/index.js:522:47)
    at emitOne (events.js:116:13)
    at TLSSocket.emit (events.js:211:7)
    at addChunk (_stream_readable.js:263:12)
    at readableAddChunk (_stream_readable.js:250:11)
    at TLSSocket.Readable.push (_stream_readable.js:208:10)
    at TLSWrap.onread (net.js:601:20) code: 'EAUTH', command: 'API' }
[Thu Nov 22 2018 18:03:57 GMT+0100 (WAT)] : 'This is just an error logger test'
[Thu Nov 22 2018 18:03:57 GMT+0100 (WAT)] : 'This is just an error logger test'
[Thu Nov 22 2018 18:03:57 GMT+0100 (WAT)] : 'This is just an error logger test'
